{"F:\\develop\\procurement-pl\\src\\app.tsx": {"path":"F:\\develop\\procurement-pl\\src\\app.tsx","statementMap":{"0":{"start":{"line":1,"column":0},"end":{"line":1,"column":25}},"1":{"start":{"line":2,"column":0},"end":{"line":2,"column":73}},"2":{"start":{"line":3,"column":0},"end":{"line":3,"column":55}},"3":{"start":{"line":4,"column":0},"end":{"line":4,"column":51}},"4":{"start":{"line":5,"column":0},"end":{"line":5,"column":49}},"5":{"start":{"line":6,"column":0},"end":{"line":6,"column":40}},"6":{"start":{"line":7,"column":0},"end":{"line":7,"column":15}},"7":{"start":{"line":10,"column":0},"end":{"line":10,"column":59}},"8":{"start":{"line":11,"column":0},"end":{"line":11,"column":48}},"9":{"start":{"line":12,"column":0},"end":{"line":12,"column":57}},"10":{"start":{"line":13,"column":0},"end":{"line":13,"column":80}},"11":{"start":{"line":14,"column":0},"end":{"line":14,"column":63}},"12":{"start":{"line":15,"column":0},"end":{"line":15,"column":50}},"13":{"start":{"line":16,"column":0},"end":{"line":16,"column":56}},"14":{"start":{"line":17,"column":0},"end":{"line":17,"column":56}},"15":{"start":{"line":18,"column":0},"end":{"line":18,"column":56}},"16":{"start":{"line":19,"column":0},"end":{"line":19,"column":60}},"17":{"start":{"line":22,"column":12},"end":{"line":91,"column":1}},"18":{"start":{"line":23,"column":2},"end":{"line":90,"column":null}},"19":{"start":{"line":93,"column":0},"end":{"line":93,"column":null}}},"fnMap":{"0":{"name":"(anonymous_1)","decl":{"start":{"line":22,"column":12},"end":{"line":22,"column":15}},"loc":{"start":{"line":22,"column":17},"end":{"line":91,"column":1}}}},"branchMap":{},"s":{"0":0,"1":0,"2":0,"3":0,"4":0,"5":0,"6":0,"7":0,"8":0,"9":0,"10":0,"11":0,"12":0,"13":0,"14":0,"15":0,"16":0,"17":0,"18":0,"19":0},"f":{"0":0},"b":{}}
,"F:\\develop\\procurement-pl\\src\\dashboard.tsx": {"path":"F:\\develop\\procurement-pl\\src\\dashboard.tsx","statementMap":{"0":{"start":{"line":1,"column":0},"end":{"line":1,"column":39}},"1":{"start":{"line":2,"column":0},"end":{"line":2,"column":48}},"2":{"start":{"line":5,"column":0},"end":{"line":5,"column":59}},"3":{"start":{"line":7,"column":20},"end":{"line":8,"column":null}},"4":{"start":{"line":8,"column":2},"end":{"line":8,"column":66}},"5":{"start":{"line":11,"column":25},"end":{"line":24,"column":1}},"6":{"start":{"line":12,"column":2},"end":{"line":23,"column":null}},"7":{"start":{"line":11,"column":13},"end":{"line":11,"column":25}}},"fnMap":{"0":{"name":"(anonymous_9)","decl":{"start":{"line":7,"column":20},"end":{"line":7,"column":21}},"loc":{"start":{"line":8,"column":2},"end":{"line":8,"column":66}}},"1":{"name":"(anonymous_10)","decl":{"start":{"line":11,"column":25},"end":{"line":11,"column":28}},"loc":{"start":{"line":11,"column":30},"end":{"line":24,"column":1}}}},"branchMap":{},"s":{"0":0,"1":0,"2":0,"3":0,"4":0,"5":0,"6":0,"7":0},"f":{"0":0,"1":0},"b":{}}
,"F:\\develop\\procurement-pl\\src\\i18n.ts": {"path":"F:\\develop\\procurement-pl\\src\\i18n.ts","statementMap":{"0":{"start":{"line":1,"column":0},"end":{"line":1,"column":26}},"1":{"start":{"line":2,"column":0},"end":{"line":2,"column":48}},"2":{"start":{"line":3,"column":0},"end":{"line":3,"column":63}},"3":{"start":{"line":6,"column":0},"end":{"line":6,"column":48}},"4":{"start":{"line":7,"column":0},"end":{"line":7,"column":44}},"5":{"start":{"line":8,"column":0},"end":{"line":8,"column":54}},"6":{"start":{"line":9,"column":0},"end":{"line":9,"column":50}},"7":{"start":{"line":10,"column":0},"end":{"line":10,"column":48}},"8":{"start":{"line":12,"column":0},"end":{"line":12,"column":48}},"9":{"start":{"line":13,"column":0},"end":{"line":13,"column":44}},"10":{"start":{"line":14,"column":0},"end":{"line":14,"column":54}},"11":{"start":{"line":15,"column":0},"end":{"line":15,"column":50}},"12":{"start":{"line":16,"column":0},"end":{"line":16,"column":48}},"13":{"start":{"line":18,"column":18},"end":{"line":33,"column":null}},"14":{"start":{"line":35,"column":0},"end":{"line":52,"column":null}},"15":{"start":{"line":54,"column":0},"end":{"line":54,"column":null}}},"fnMap":{},"branchMap":{},"s":{"0":0,"1":0,"2":0,"3":0,"4":0,"5":0,"6":0,"7":0,"8":0,"9":0,"10":0,"11":0,"12":0,"13":0,"14":0,"15":0},"f":{},"b":{}}
,"F:\\develop\\procurement-pl\\src\\theme.tsx": {"path":"F:\\develop\\procurement-pl\\src\\theme.tsx","statementMap":{"0":{"start":{"line":1,"column":0},"end":{"line":1,"column":62}},"1":{"start":{"line":3,"column":13},"end":{"line":97,"column":null}}},"fnMap":{},"branchMap":{},"s":{"0":0,"1":0},"f":{},"b":{}}
,"F:\\develop\\procurement-pl\\src\\__data__\\store.ts": {"path":"F:\\develop\\procurement-pl\\src\\__data__\\store.ts","statementMap":{"0":{"start":{"line":1,"column":0},"end":{"line":1,"column":49}},"1":{"start":{"line":2,"column":0},"end":{"line":2,"column":55}},"2":{"start":{"line":3,"column":0},"end":{"line":3,"column":39}},"3":{"start":{"line":4,"column":0},"end":{"line":4,"column":49}},"4":{"start":{"line":5,"column":0},"end":{"line":5,"column":47}},"5":{"start":{"line":6,"column":0},"end":{"line":6,"column":43}},"6":{"start":{"line":7,"column":0},"end":{"line":7,"column":37}},"7":{"start":{"line":8,"column":0},"end":{"line":8,"column":47}},"8":{"start":{"line":9,"column":0},"end":{"line":9,"column":47}},"9":{"start":{"line":10,"column":0},"end":{"line":10,"column":39}},"10":{"start":{"line":11,"column":0},"end":{"line":11,"column":45}},"11":{"start":{"line":12,"column":0},"end":{"line":12,"column":53}},"12":{"start":{"line":13,"column":0},"end":{"line":13,"column":38}},"13":{"start":{"line":14,"column":0},"end":{"line":14,"column":44}},"14":{"start":{"line":16,"column":13},"end":{"line":53,"column":null}},"15":{"start":{"line":35,"column":4},"end":{"line":51,"column":null}},"16":{"start":{"line":56,"column":0},"end":{"line":56,"column":null}}},"fnMap":{"0":{"name":"(anonymous_1)","decl":{"start":{"line":34,"column":14},"end":{"line":34,"column":15}},"loc":{"start":{"line":35,"column":4},"end":{"line":51,"column":null}}}},"branchMap":{},"s":{"0":0,"1":0,"2":0,"3":0,"4":0,"5":0,"6":0,"7":0,"8":0,"9":0,"10":0,"11":0,"12":0,"13":0,"14":0,"15":0,"16":0},"f":{"0":0},"b":{}}
,"F:\\develop\\procurement-pl\\src\\__data__\\urls.ts": {"path":"F:\\develop\\procurement-pl\\src\\__data__\\urls.ts","statementMap":{"0":{"start":{"line":1,"column":0},"end":{"line":1,"column":78}},"1":{"start":{"line":3,"column":0},"end":{"line":3,"column":36}},"2":{"start":{"line":5,"column":16},"end":{"line":5,"column":54}},"3":{"start":{"line":6,"column":13},"end":{"line":6,"column":28}},"4":{"start":{"line":7,"column":16},"end":{"line":7,"column":38}},"5":{"start":{"line":7,"column":25},"end":{"line":7,"column":38}},"6":{"start":{"line":8,"column":15},"end":{"line":8,"column":48}},"7":{"start":{"line":10,"column":13},"end":{"line":35,"column":null}}},"fnMap":{"0":{"name":"(anonymous_1)","decl":{"start":{"line":7,"column":16},"end":{"line":7,"column":17}},"loc":{"start":{"line":7,"column":25},"end":{"line":7,"column":38}}}},"branchMap":{},"s":{"0":0,"1":0,"2":0,"3":0,"4":0,"5":0,"6":0,"7":0},"f":{"0":0},"b":{}}
,"F:\\develop\\procurement-pl\\src\\__data__\\api\\authApi.ts": {"path":"F:\\develop\\procurement-pl\\src\\__data__\\api\\authApi.ts","statementMap":{"0":{"start":{"line":1,"column":0},"end":{"line":1,"column":72}},"1":{"start":{"line":2,"column":0},"end":{"line":2,"column":30}},"2":{"start":{"line":63,"column":13},"end":{"line":125,"column":null}},"3":{"start":{"line":67,"column":27},"end":{"line":124,"column":4}},"4":{"start":{"line":69,"column":31},"end":{"line":73,"column":8}},"5":{"start":{"line":78,"column":24},"end":{"line":82,"column":8}},"6":{"start":{"line":87,"column":20},"end":{"line":90,"column":8}},"7":{"start":{"line":95,"column":29},"end":{"line":98,"column":8}},"8":{"start":{"line":102,"column":29},"end":{"line":106,"column":8}},"9":{"start":{"line":110,"column":42},"end":{"line":114,"column":8}},"10":{"start":{"line":118,"column":36},"end":{"line":122,"column":8}},"11":{"start":{"line":128,"column":2},"end":{"line":135,"column":null}}},"fnMap":{"0":{"name":"(anonymous_0)","decl":{"start":{"line":67,"column":13},"end":{"line":67,"column":14}},"loc":{"start":{"line":67,"column":27},"end":{"line":124,"column":4}}},"1":{"name":"(anonymous_1)","decl":{"start":{"line":69,"column":13},"end":{"line":69,"column":14}},"loc":{"start":{"line":69,"column":31},"end":{"line":73,"column":8}}},"2":{"name":"(anonymous_2)","decl":{"start":{"line":78,"column":13},"end":{"line":78,"column":14}},"loc":{"start":{"line":78,"column":24},"end":{"line":82,"column":8}}},"3":{"name":"(anonymous_3)","decl":{"start":{"line":87,"column":13},"end":{"line":87,"column":16}},"loc":{"start":{"line":87,"column":20},"end":{"line":90,"column":8}}},"4":{"name":"(anonymous_4)","decl":{"start":{"line":95,"column":13},"end":{"line":95,"column":14}},"loc":{"start":{"line":95,"column":29},"end":{"line":98,"column":8}}},"5":{"name":"(anonymous_5)","decl":{"start":{"line":102,"column":13},"end":{"line":102,"column":14}},"loc":{"start":{"line":102,"column":29},"end":{"line":106,"column":8}}},"6":{"name":"(anonymous_6)","decl":{"start":{"line":110,"column":13},"end":{"line":110,"column":14}},"loc":{"start":{"line":110,"column":42},"end":{"line":114,"column":8}}},"7":{"name":"(anonymous_7)","decl":{"start":{"line":118,"column":13},"end":{"line":118,"column":14}},"loc":{"start":{"line":118,"column":36},"end":{"line":122,"column":8}}}},"branchMap":{},"s":{"0":0,"1":0,"2":0,"3":0,"4":0,"5":0,"6":0,"7":0,"8":0,"9":0,"10":0,"11":0},"f":{"0":0,"1":0,"2":0,"3":0,"4":0,"5":0,"6":0,"7":0},"b":{}}
,"F:\\develop\\procurement-pl\\src\\__data__\\api\\buyApi.ts": {"path":"F:\\develop\\procurement-pl\\src\\__data__\\api\\buyApi.ts","statementMap":{"0":{"start":{"line":1,"column":0},"end":{"line":1,"column":72}},"1":{"start":{"line":2,"column":0},"end":{"line":2,"column":30}},"2":{"start":{"line":6,"column":18},"end":{"line":16,"column":2}},"3":{"start":{"line":9,"column":18},"end":{"line":9,"column":53}},"4":{"start":{"line":10,"column":18},"end":{"line":10,"column":42}},"5":{"start":{"line":11,"column":4},"end":{"line":13,"column":5}},"6":{"start":{"line":12,"column":6},"end":{"line":12,"column":null}},"7":{"start":{"line":14,"column":4},"end":{"line":14,"column":null}},"8":{"start":{"line":29,"column":13},"end":{"line":51,"column":null}},"9":{"start":{"line":33,"column":27},"end":{"line":50,"column":4}},"10":{"start":{"line":35,"column":26},"end":{"line":35,"column":54}},"11":{"start":{"line":39,"column":24},"end":{"line":39,"column":72}},"12":{"start":{"line":43,"column":37},"end":{"line":43,"column":107}},"13":{"start":{"line":47,"column":26},"end":{"line":47,"column":74}},"14":{"start":{"line":53,"column":15},"end":{"line":53,"column":null}}},"fnMap":{"0":{"name":"(anonymous_0)","decl":{"start":{"line":8,"column":18},"end":{"line":8,"column":19}},"loc":{"start":{"line":8,"column":44},"end":{"line":15,"column":3}}},"1":{"name":"(anonymous_1)","decl":{"start":{"line":33,"column":13},"end":{"line":33,"column":14}},"loc":{"start":{"line":33,"column":27},"end":{"line":50,"column":4}}},"2":{"name":"(anonymous_2)","decl":{"start":{"line":35,"column":13},"end":{"line":35,"column":14}},"loc":{"start":{"line":35,"column":26},"end":{"line":35,"column":54}}},"3":{"name":"(anonymous_3)","decl":{"start":{"line":39,"column":13},"end":{"line":39,"column":14}},"loc":{"start":{"line":39,"column":24},"end":{"line":39,"column":72}}},"4":{"name":"(anonymous_4)","decl":{"start":{"line":43,"column":13},"end":{"line":43,"column":14}},"loc":{"start":{"line":43,"column":37},"end":{"line":43,"column":107}}},"5":{"name":"(anonymous_5)","decl":{"start":{"line":47,"column":13},"end":{"line":47,"column":14}},"loc":{"start":{"line":47,"column":26},"end":{"line":47,"column":74}}}},"branchMap":{"0":{"loc":{"start":{"line":10,"column":18},"end":{"line":10,"column":42}},"type":"cond-expr","locations":[{"start":{"line":10,"column":29},"end":{"line":10,"column":31}},{"start":{"line":10,"column":29},"end":{"line":10,"column":42}}]},"1":{"loc":{"start":{"line":10,"column":18},"end":{"line":10,"column":31}},"type":"binary-expr","locations":[{"start":{"line":10,"column":18},"end":{"line":10,"column":31}},{"start":{"line":10,"column":29},"end":{"line":10,"column":31}}]},"2":{"loc":{"start":{"line":10,"column":18},"end":{"line":10,"column":29}},"type":"cond-expr","locations":[{"start":{"line":10,"column":23},"end":{"line":10,"column":25}},{"start":{"line":10,"column":18},"end":{"line":10,"column":29}}]},"3":{"loc":{"start":{"line":10,"column":18},"end":{"line":10,"column":25}},"type":"binary-expr","locations":[{"start":{"line":10,"column":18},"end":{"line":10,"column":25}},{"start":{"line":10,"column":18},"end":{"line":10,"column":25}}]},"4":{"loc":{"start":{"line":11,"column":4},"end":{"line":13,"column":5}},"type":"if","locations":[{"start":{"line":11,"column":4},"end":{"line":13,"column":5}}]}},"s":{"0":0,"1":0,"2":0,"3":0,"4":0,"5":0,"6":0,"7":0,"8":0,"9":0,"10":0,"11":0,"12":0,"13":0,"14":0},"f":{"0":0,"1":0,"2":0,"3":0,"4":0,"5":0},"b":{"0":[0,0],"1":[0,0],"2":[0,0],"3":[0,0],"4":[0]}}
,"F:\\develop\\procurement-pl\\src\\__data__\\api\\buyProductsApi.ts": {"path":"F:\\develop\\procurement-pl\\src\\__data__\\api\\buyProductsApi.ts","statementMap":{"0":{"start":{"line":1,"column":0},"end":{"line":1,"column":56}},"1":{"start":{"line":3,"column":0},"end":{"line":3,"column":30}},"2":{"start":{"line":4,"column":0},"end":{"line":4,"column":61}},"3":{"start":{"line":7,"column":18},"end":{"line":17,"column":2}},"4":{"start":{"line":10,"column":18},"end":{"line":10,"column":53}},"5":{"start":{"line":11,"column":18},"end":{"line":11,"column":42}},"6":{"start":{"line":12,"column":4},"end":{"line":14,"column":5}},"7":{"start":{"line":13,"column":6},"end":{"line":13,"column":null}},"8":{"start":{"line":15,"column":4},"end":{"line":15,"column":null}},"9":{"start":{"line":50,"column":13},"end":{"line":88,"column":null}},"10":{"start":{"line":54,"column":27},"end":{"line":87,"column":4}},"11":{"start":{"line":57,"column":8},"end":{"line":59,"column":9}},"12":{"start":{"line":58,"column":10},"end":{"line":58,"column":null}},"13":{"start":{"line":60,"column":8},"end":{"line":60,"column":null}},"14":{"start":{"line":65,"column":27},"end":{"line":69,"column":8}},"15":{"start":{"line":73,"column":18},"end":{"line":73,"column":23}},"16":{"start":{"line":73,"column":28},"end":{"line":73,"column":32}},"17":{"start":{"line":73,"column":35},"end":{"line":77,"column":null}},"18":{"start":{"line":81,"column":22},"end":{"line":84,"column":8}},"19":{"start":{"line":91,"column":2},"end":{"line":95,"column":null}}},"fnMap":{"0":{"name":"(anonymous_1)","decl":{"start":{"line":9,"column":18},"end":{"line":9,"column":19}},"loc":{"start":{"line":9,"column":44},"end":{"line":16,"column":3}}},"1":{"name":"(anonymous_2)","decl":{"start":{"line":54,"column":13},"end":{"line":54,"column":14}},"loc":{"start":{"line":54,"column":27},"end":{"line":87,"column":4}}},"2":{"name":"(anonymous_3)","decl":{"start":{"line":56,"column":13},"end":{"line":56,"column":14}},"loc":{"start":{"line":56,"column":27},"end":{"line":61,"column":7}}},"3":{"name":"(anonymous_4)","decl":{"start":{"line":65,"column":13},"end":{"line":65,"column":14}},"loc":{"start":{"line":65,"column":27},"end":{"line":69,"column":8}}},"4":{"name":"(anonymous_5)","decl":{"start":{"line":73,"column":13},"end":{"line":73,"column":14}},"loc":{"start":{"line":73,"column":34},"end":{"line":77,"column":null}}},"5":{"name":"(anonymous_6)","decl":{"start":{"line":81,"column":13},"end":{"line":81,"column":14}},"loc":{"start":{"line":81,"column":22},"end":{"line":84,"column":8}}}},"branchMap":{"0":{"loc":{"start":{"line":11,"column":18},"end":{"line":11,"column":42}},"type":"cond-expr","locations":[{"start":{"line":11,"column":29},"end":{"line":11,"column":31}},{"start":{"line":11,"column":29},"end":{"line":11,"column":42}}]},"1":{"loc":{"start":{"line":11,"column":18},"end":{"line":11,"column":31}},"type":"binary-expr","locations":[{"start":{"line":11,"column":18},"end":{"line":11,"column":31}},{"start":{"line":11,"column":29},"end":{"line":11,"column":31}}]},"2":{"loc":{"start":{"line":11,"column":18},"end":{"line":11,"column":29}},"type":"cond-expr","locations":[{"start":{"line":11,"column":23},"end":{"line":11,"column":25}},{"start":{"line":11,"column":18},"end":{"line":11,"column":29}}]},"3":{"loc":{"start":{"line":11,"column":18},"end":{"line":11,"column":25}},"type":"binary-expr","locations":[{"start":{"line":11,"column":18},"end":{"line":11,"column":25}},{"start":{"line":11,"column":18},"end":{"line":11,"column":25}}]},"4":{"loc":{"start":{"line":12,"column":4},"end":{"line":14,"column":5}},"type":"if","locations":[{"start":{"line":12,"column":4},"end":{"line":14,"column":5}}]},"5":{"loc":{"start":{"line":57,"column":8},"end":{"line":59,"column":9}},"type":"if","locations":[{"start":{"line":57,"column":8},"end":{"line":59,"column":9}}]}},"s":{"0":0,"1":0,"2":0,"3":0,"4":0,"5":0,"6":0,"7":0,"8":0,"9":0,"10":0,"11":0,"12":0,"13":0,"14":0,"15":0,"16":0,"17":0,"18":0,"19":0},"f":{"0":0,"1":0,"2":0,"3":0,"4":0,"5":0},"b":{"0":[0,0],"1":[0,0],"2":[0,0],"3":[0,0],"4":[0],"5":[0]}}
,"F:\\develop\\procurement-pl\\src\\__data__\\api\\client.ts": {"path":"F:\\develop\\procurement-pl\\src\\__data__\\api\\client.ts","statementMap":{"0":{"start":{"line":1,"column":0},"end":{"line":1,"column":72}},"1":{"start":{"line":3,"column":0},"end":{"line":3,"column":30}},"2":{"start":{"line":5,"column":18},"end":{"line":18,"column":2}},"3":{"start":{"line":9,"column":18},"end":{"line":9,"column":53}},"4":{"start":{"line":10,"column":18},"end":{"line":10,"column":42}},"5":{"start":{"line":12,"column":4},"end":{"line":14,"column":5}},"6":{"start":{"line":13,"column":6},"end":{"line":13,"column":null}},"7":{"start":{"line":16,"column":4},"end":{"line":16,"column":null}},"8":{"start":{"line":21,"column":28},"end":{"line":58,"column":null}},"9":{"start":{"line":21,"column":77},"end":{"line":58,"column":null}},"10":{"start":{"line":22,"column":15},"end":{"line":22,"column":55}},"11":{"start":{"line":24,"column":2},"end":{"line":55,"column":3}},"12":{"start":{"line":26,"column":26},"end":{"line":26,"column":72}},"13":{"start":{"line":28,"column":4},"end":{"line":54,"column":5}},"14":{"start":{"line":29,"column":28},"end":{"line":36,"column":null}},"15":{"start":{"line":39,"column":6},"end":{"line":53,"column":7}},"16":{"start":{"line":41,"column":63},"end":{"line":41,"column":88}},"17":{"start":{"line":43,"column":8},"end":{"line":46,"column":null}},"18":{"start":{"line":49,"column":8},"end":{"line":49,"column":null}},"19":{"start":{"line":52,"column":8},"end":{"line":52,"column":null}},"20":{"start":{"line":57,"column":2},"end":{"line":57,"column":null}},"21":{"start":{"line":61,"column":13},"end":{"line":66,"column":null}},"22":{"start":{"line":65,"column":20},"end":{"line":65,"column":22}}},"fnMap":{"0":{"name":"(anonymous_7)","decl":{"start":{"line":7,"column":18},"end":{"line":7,"column":19}},"loc":{"start":{"line":7,"column":44},"end":{"line":17,"column":3}}},"1":{"name":"(anonymous_8)","decl":{"start":{"line":21,"column":28},"end":{"line":21,"column":35}},"loc":{"start":{"line":21,"column":77},"end":{"line":58,"column":null}}},"2":{"name":"(anonymous_9)","decl":{"start":{"line":21,"column":77},"end":{"line":21,"column":null}},"loc":{"start":{"line":21,"column":77},"end":{"line":58,"column":1}}},"3":{"name":"(anonymous_10)","decl":{"start":{"line":65,"column":13},"end":{"line":65,"column":16}},"loc":{"start":{"line":65,"column":20},"end":{"line":65,"column":22}}}},"branchMap":{"0":{"loc":{"start":{"line":10,"column":18},"end":{"line":10,"column":42}},"type":"cond-expr","locations":[{"start":{"line":10,"column":29},"end":{"line":10,"column":31}},{"start":{"line":10,"column":29},"end":{"line":10,"column":42}}]},"1":{"loc":{"start":{"line":10,"column":18},"end":{"line":10,"column":31}},"type":"binary-expr","locations":[{"start":{"line":10,"column":18},"end":{"line":10,"column":31}},{"start":{"line":10,"column":29},"end":{"line":10,"column":31}}]},"2":{"loc":{"start":{"line":10,"column":18},"end":{"line":10,"column":29}},"type":"cond-expr","locations":[{"start":{"line":10,"column":23},"end":{"line":10,"column":25}},{"start":{"line":10,"column":18},"end":{"line":10,"column":29}}]},"3":{"loc":{"start":{"line":10,"column":18},"end":{"line":10,"column":25}},"type":"binary-expr","locations":[{"start":{"line":10,"column":18},"end":{"line":10,"column":25}},{"start":{"line":10,"column":18},"end":{"line":10,"column":25}}]},"4":{"loc":{"start":{"line":12,"column":4},"end":{"line":14,"column":5}},"type":"if","locations":[{"start":{"line":12,"column":4},"end":{"line":14,"column":5}}]},"5":{"loc":{"start":{"line":24,"column":2},"end":{"line":55,"column":3}},"type":"if","locations":[{"start":{"line":24,"column":2},"end":{"line":55,"column":3}}]},"6":{"loc":{"start":{"line":24,"column":6},"end":{"line":24,"column":49}},"type":"binary-expr","locations":[{"start":{"line":24,"column":6},"end":{"line":24,"column":18}},{"start":{"line":24,"column":22},"end":{"line":24,"column":49}}]},"7":{"loc":{"start":{"line":28,"column":4},"end":{"line":54,"column":5}},"type":"if","locations":[{"start":{"line":28,"column":4},"end":{"line":54,"column":5}}]},"8":{"loc":{"start":{"line":39,"column":6},"end":{"line":53,"column":7}},"type":"if","locations":[{"start":{"line":39,"column":6},"end":{"line":53,"column":7}},{"start":{"line":50,"column":13},"end":{"line":53,"column":7}}]}},"s":{"0":0,"1":0,"2":0,"3":0,"4":0,"5":0,"6":0,"7":0,"8":0,"9":0,"10":0,"11":0,"12":0,"13":0,"14":0,"15":0,"16":0,"17":0,"18":0,"19":0,"20":0,"21":0,"22":0},"f":{"0":0,"1":0,"2":0,"3":0},"b":{"0":[0,0],"1":[0,0],"2":[0,0],"3":[0,0],"4":[0],"5":[0],"6":[0,0],"7":[0],"8":[0,0]}}
,"F:\\develop\\procurement-pl\\src\\__data__\\api\\companiesApi.ts": {"path":"F:\\develop\\procurement-pl\\src\\__data__\\api\\companiesApi.ts","statementMap":{"0":{"start":{"line":1,"column":0},"end":{"line":1,"column":72}},"1":{"start":{"line":2,"column":0},"end":{"line":2,"column":30}},"2":{"start":{"line":6,"column":18},"end":{"line":16,"column":2}},"3":{"start":{"line":9,"column":18},"end":{"line":9,"column":53}},"4":{"start":{"line":10,"column":18},"end":{"line":10,"column":42}},"5":{"start":{"line":11,"column":4},"end":{"line":13,"column":5}},"6":{"start":{"line":12,"column":6},"end":{"line":12,"column":null}},"7":{"start":{"line":14,"column":4},"end":{"line":14,"column":null}},"8":{"start":{"line":53,"column":13},"end":{"line":167,"column":null}},"9":{"start":{"line":57,"column":27},"end":{"line":166,"column":4}},"10":{"start":{"line":59,"column":21},"end":{"line":59,"column":29}},"11":{"start":{"line":60,"column":43},"end":{"line":60,"column":68}},"12":{"start":{"line":64,"column":19},"end":{"line":64,"column":29}},"13":{"start":{"line":69,"column":32},"end":{"line":73,"column":8}},"14":{"start":{"line":74,"column":50},"end":{"line":74,"column":75}},"15":{"start":{"line":78,"column":19},"end":{"line":78,"column":30}},"16":{"start":{"line":84,"column":25},"end":{"line":84,"column":39}},"17":{"start":{"line":85,"column":8},"end":{"line":85,"column":null}},"18":{"start":{"line":86,"column":8},"end":{"line":90,"column":null}},"19":{"start":{"line":92,"column":57},"end":{"line":92,"column":93}},"20":{"start":{"line":96,"column":22},"end":{"line":96,"column":41}},"21":{"start":{"line":111,"column":28},"end":{"line":111,"column":54}},"22":{"start":{"line":112,"column":50},"end":{"line":112,"column":96}},"23":{"start":{"line":126,"column":39},"end":{"line":130,"column":8}},"24":{"start":{"line":131,"column":57},"end":{"line":131,"column":103}},"25":{"start":{"line":135,"column":53},"end":{"line":139,"column":8}},"26":{"start":{"line":140,"column":57},"end":{"line":140,"column":103}},"27":{"start":{"line":144,"column":47},"end":{"line":147,"column":8}},"28":{"start":{"line":148,"column":57},"end":{"line":148,"column":103}},"29":{"start":{"line":160,"column":92},"end":{"line":163,"column":8}},"30":{"start":{"line":164,"column":54},"end":{"line":164,"column":97}},"31":{"start":{"line":170,"column":2},"end":{"line":182,"column":null}}},"fnMap":{"0":{"name":"(anonymous_0)","decl":{"start":{"line":8,"column":18},"end":{"line":8,"column":19}},"loc":{"start":{"line":8,"column":44},"end":{"line":15,"column":3}}},"1":{"name":"(anonymous_1)","decl":{"start":{"line":57,"column":13},"end":{"line":57,"column":14}},"loc":{"start":{"line":57,"column":27},"end":{"line":166,"column":4}}},"2":{"name":"(anonymous_2)","decl":{"start":{"line":59,"column":13},"end":{"line":59,"column":14}},"loc":{"start":{"line":59,"column":21},"end":{"line":59,"column":29}}},"3":{"name":"(anonymous_3)","decl":{"start":{"line":60,"column":20},"end":{"line":60,"column":21}},"loc":{"start":{"line":60,"column":43},"end":{"line":60,"column":68}}},"4":{"name":"(anonymous_4)","decl":{"start":{"line":64,"column":13},"end":{"line":64,"column":16}},"loc":{"start":{"line":64,"column":19},"end":{"line":64,"column":29}}},"5":{"name":"(anonymous_5)","decl":{"start":{"line":69,"column":13},"end":{"line":69,"column":14}},"loc":{"start":{"line":69,"column":32},"end":{"line":73,"column":8}}},"6":{"name":"(anonymous_6)","decl":{"start":{"line":74,"column":23},"end":{"line":74,"column":24}},"loc":{"start":{"line":74,"column":50},"end":{"line":74,"column":75}}},"7":{"name":"(anonymous_7)","decl":{"start":{"line":78,"column":13},"end":{"line":78,"column":16}},"loc":{"start":{"line":78,"column":19},"end":{"line":78,"column":30}}},"8":{"name":"(anonymous_8)","decl":{"start":{"line":83,"column":13},"end":{"line":83,"column":14}},"loc":{"start":{"line":83,"column":37},"end":{"line":91,"column":7}}},"9":{"name":"(anonymous_9)","decl":{"start":{"line":92,"column":23},"end":{"line":92,"column":24}},"loc":{"start":{"line":92,"column":57},"end":{"line":92,"column":93}}},"10":{"name":"(anonymous_10)","decl":{"start":{"line":96,"column":13},"end":{"line":96,"column":14}},"loc":{"start":{"line":96,"column":22},"end":{"line":96,"column":41}}},"11":{"name":"(anonymous_11)","decl":{"start":{"line":111,"column":13},"end":{"line":111,"column":14}},"loc":{"start":{"line":111,"column":28},"end":{"line":111,"column":54}}},"12":{"name":"(anonymous_12)","decl":{"start":{"line":112,"column":20},"end":{"line":112,"column":21}},"loc":{"start":{"line":112,"column":50},"end":{"line":112,"column":96}}},"13":{"name":"(anonymous_13)","decl":{"start":{"line":126,"column":13},"end":{"line":126,"column":14}},"loc":{"start":{"line":126,"column":39},"end":{"line":130,"column":8}}},"14":{"name":"(anonymous_14)","decl":{"start":{"line":131,"column":23},"end":{"line":131,"column":24}},"loc":{"start":{"line":131,"column":57},"end":{"line":131,"column":103}}},"15":{"name":"(anonymous_15)","decl":{"start":{"line":135,"column":13},"end":{"line":135,"column":14}},"loc":{"start":{"line":135,"column":53},"end":{"line":139,"column":8}}},"16":{"name":"(anonymous_16)","decl":{"start":{"line":140,"column":23},"end":{"line":140,"column":24}},"loc":{"start":{"line":140,"column":57},"end":{"line":140,"column":103}}},"17":{"name":"(anonymous_17)","decl":{"start":{"line":144,"column":13},"end":{"line":144,"column":14}},"loc":{"start":{"line":144,"column":47},"end":{"line":147,"column":8}}},"18":{"name":"(anonymous_18)","decl":{"start":{"line":148,"column":23},"end":{"line":148,"column":24}},"loc":{"start":{"line":148,"column":57},"end":{"line":148,"column":103}}},"19":{"name":"(anonymous_19)","decl":{"start":{"line":160,"column":13},"end":{"line":160,"column":14}},"loc":{"start":{"line":160,"column":92},"end":{"line":163,"column":8}}},"20":{"name":"(anonymous_20)","decl":{"start":{"line":164,"column":20},"end":{"line":164,"column":21}},"loc":{"start":{"line":164,"column":54},"end":{"line":164,"column":97}}}},"branchMap":{"0":{"loc":{"start":{"line":10,"column":18},"end":{"line":10,"column":42}},"type":"cond-expr","locations":[{"start":{"line":10,"column":29},"end":{"line":10,"column":31}},{"start":{"line":10,"column":29},"end":{"line":10,"column":42}}]},"1":{"loc":{"start":{"line":10,"column":18},"end":{"line":10,"column":31}},"type":"binary-expr","locations":[{"start":{"line":10,"column":18},"end":{"line":10,"column":31}},{"start":{"line":10,"column":29},"end":{"line":10,"column":31}}]},"2":{"loc":{"start":{"line":10,"column":18},"end":{"line":10,"column":29}},"type":"cond-expr","locations":[{"start":{"line":10,"column":23},"end":{"line":10,"column":25}},{"start":{"line":10,"column":18},"end":{"line":10,"column":29}}]},"3":{"loc":{"start":{"line":10,"column":18},"end":{"line":10,"column":25}},"type":"binary-expr","locations":[{"start":{"line":10,"column":18},"end":{"line":10,"column":25}},{"start":{"line":10,"column":18},"end":{"line":10,"column":25}}]},"4":{"loc":{"start":{"line":11,"column":4},"end":{"line":13,"column":5}},"type":"if","locations":[{"start":{"line":11,"column":4},"end":{"line":13,"column":5}}]},"5":{"loc":{"start":{"line":160,"column":27},"end":{"line":160,"column":35}},"type":"default-arg","locations":[{"start":{"line":160,"column":34},"end":{"line":160,"column":35}}]},"6":{"loc":{"start":{"line":160,"column":37},"end":{"line":160,"column":47}},"type":"default-arg","locations":[{"start":{"line":160,"column":45},"end":{"line":160,"column":47}}]},"7":{"loc":{"start":{"line":160,"column":49},"end":{"line":160,"column":64}},"type":"default-arg","locations":[{"start":{"line":160,"column":58},"end":{"line":160,"column":64}}]},"8":{"loc":{"start":{"line":160,"column":66},"end":{"line":160,"column":84}},"type":"default-arg","locations":[{"start":{"line":160,"column":78},"end":{"line":160,"column":84}}]}},"s":{"0":0,"1":0,"2":0,"3":0,"4":0,"5":0,"6":0,"7":0,"8":0,"9":0,"10":0,"11":0,"12":0,"13":0,"14":0,"15":0,"16":0,"17":0,"18":0,"19":0,"20":0,"21":0,"22":0,"23":0,"24":0,"25":0,"26":0,"27":0,"28":0,"29":0,"30":0,"31":0},"f":{"0":0,"1":0,"2":0,"3":0,"4":0,"5":0,"6":0,"7":0,"8":0,"9":0,"10":0,"11":0,"12":0,"13":0,"14":0,"15":0,"16":0,"17":0,"18":0,"19":0,"20":0},"b":{"0":[0,0],"1":[0,0],"2":[0,0],"3":[0,0],"4":[0],"5":[0],"6":[0],"7":[0],"8":[0]}}
,"F:\\develop\\procurement-pl\\src\\__data__\\api\\experienceApi.ts": {"path":"F:\\develop\\procurement-pl\\src\\__data__\\api\\experienceApi.ts","statementMap":{"0":{"start":{"line":1,"column":0},"end":{"line":1,"column":34}},"1":{"start":{"line":33,"column":13},"end":{"line":63,"column":null}},"2":{"start":{"line":34,"column":27},"end":{"line":62,"column":4}},"3":{"start":{"line":36,"column":32},"end":{"line":36,"column":68}},"4":{"start":{"line":40,"column":24},"end":{"line":44,"column":8}},"5":{"start":{"line":48,"column":32},"end":{"line":52,"column":8}},"6":{"start":{"line":56,"column":22},"end":{"line":59,"column":8}},"7":{"start":{"line":66,"column":2},"end":{"line":70,"column":null}}},"fnMap":{"0":{"name":"(anonymous_0)","decl":{"start":{"line":34,"column":13},"end":{"line":34,"column":14}},"loc":{"start":{"line":34,"column":27},"end":{"line":62,"column":4}}},"1":{"name":"(anonymous_1)","decl":{"start":{"line":36,"column":13},"end":{"line":36,"column":14}},"loc":{"start":{"line":36,"column":32},"end":{"line":36,"column":68}}},"2":{"name":"(anonymous_2)","decl":{"start":{"line":40,"column":13},"end":{"line":40,"column":14}},"loc":{"start":{"line":40,"column":24},"end":{"line":44,"column":8}}},"3":{"name":"(anonymous_3)","decl":{"start":{"line":48,"column":13},"end":{"line":48,"column":14}},"loc":{"start":{"line":48,"column":32},"end":{"line":52,"column":8}}},"4":{"name":"(anonymous_4)","decl":{"start":{"line":56,"column":13},"end":{"line":56,"column":14}},"loc":{"start":{"line":56,"column":22},"end":{"line":59,"column":8}}}},"branchMap":{},"s":{"0":0,"1":0,"2":0,"3":0,"4":0,"5":0,"6":0,"7":0},"f":{"0":0,"1":0,"2":0,"3":0,"4":0},"b":{}}
,"F:\\develop\\procurement-pl\\src\\__data__\\api\\homeApi.ts": {"path":"F:\\develop\\procurement-pl\\src\\__data__\\api\\homeApi.ts","statementMap":{"0":{"start":{"line":1,"column":0},"end":{"line":1,"column":72}},"1":{"start":{"line":2,"column":0},"end":{"line":2,"column":30}},"2":{"start":{"line":6,"column":18},"end":{"line":16,"column":2}},"3":{"start":{"line":9,"column":18},"end":{"line":9,"column":53}},"4":{"start":{"line":10,"column":18},"end":{"line":10,"column":42}},"5":{"start":{"line":11,"column":4},"end":{"line":13,"column":5}},"6":{"start":{"line":12,"column":6},"end":{"line":12,"column":null}},"7":{"start":{"line":14,"column":4},"end":{"line":14,"column":null}},"8":{"start":{"line":24,"column":13},"end":{"line":34,"column":null}},"9":{"start":{"line":28,"column":27},"end":{"line":33,"column":4}},"10":{"start":{"line":30,"column":19},"end":{"line":30,"column":37}},"11":{"start":{"line":36,"column":15},"end":{"line":36,"column":null}}},"fnMap":{"0":{"name":"(anonymous_0)","decl":{"start":{"line":8,"column":18},"end":{"line":8,"column":19}},"loc":{"start":{"line":8,"column":44},"end":{"line":15,"column":3}}},"1":{"name":"(anonymous_1)","decl":{"start":{"line":28,"column":13},"end":{"line":28,"column":14}},"loc":{"start":{"line":28,"column":27},"end":{"line":33,"column":4}}},"2":{"name":"(anonymous_2)","decl":{"start":{"line":30,"column":13},"end":{"line":30,"column":16}},"loc":{"start":{"line":30,"column":19},"end":{"line":30,"column":37}}}},"branchMap":{"0":{"loc":{"start":{"line":10,"column":18},"end":{"line":10,"column":42}},"type":"cond-expr","locations":[{"start":{"line":10,"column":29},"end":{"line":10,"column":31}},{"start":{"line":10,"column":29},"end":{"line":10,"column":42}}]},"1":{"loc":{"start":{"line":10,"column":18},"end":{"line":10,"column":31}},"type":"binary-expr","locations":[{"start":{"line":10,"column":18},"end":{"line":10,"column":31}},{"start":{"line":10,"column":29},"end":{"line":10,"column":31}}]},"2":{"loc":{"start":{"line":10,"column":18},"end":{"line":10,"column":29}},"type":"cond-expr","locations":[{"start":{"line":10,"column":23},"end":{"line":10,"column":25}},{"start":{"line":10,"column":18},"end":{"line":10,"column":29}}]},"3":{"loc":{"start":{"line":10,"column":18},"end":{"line":10,"column":25}},"type":"binary-expr","locations":[{"start":{"line":10,"column":18},"end":{"line":10,"column":25}},{"start":{"line":10,"column":18},"end":{"line":10,"column":25}}]},"4":{"loc":{"start":{"line":11,"column":4},"end":{"line":13,"column":5}},"type":"if","locations":[{"start":{"line":11,"column":4},"end":{"line":13,"column":5}}]}},"s":{"0":0,"1":0,"2":0,"3":0,"4":0,"5":0,"6":0,"7":0,"8":0,"9":0,"10":0,"11":0},"f":{"0":0,"1":0,"2":0},"b":{"0":[0,0],"1":[0,0],"2":[0,0],"3":[0,0],"4":[0]}}
,"F:\\develop\\procurement-pl\\src\\__data__\\api\\messagesApi.ts": {"path":"F:\\develop\\procurement-pl\\src\\__data__\\api\\messagesApi.ts","statementMap":{"0":{"start":{"line":1,"column":0},"end":{"line":1,"column":72}},"1":{"start":{"line":2,"column":0},"end":{"line":2,"column":30}},"2":{"start":{"line":6,"column":18},"end":{"line":16,"column":2}},"3":{"start":{"line":9,"column":18},"end":{"line":9,"column":53}},"4":{"start":{"line":10,"column":18},"end":{"line":10,"column":42}},"5":{"start":{"line":11,"column":4},"end":{"line":13,"column":5}},"6":{"start":{"line":12,"column":6},"end":{"line":12,"column":null}},"7":{"start":{"line":14,"column":4},"end":{"line":14,"column":null}},"8":{"start":{"line":33,"column":13},"end":{"line":56,"column":null}},"9":{"start":{"line":37,"column":27},"end":{"line":55,"column":4}},"10":{"start":{"line":39,"column":19},"end":{"line":39,"column":38}},"11":{"start":{"line":44,"column":27},"end":{"line":44,"column":50}},"12":{"start":{"line":45,"column":49},"end":{"line":45,"column":85}},"13":{"start":{"line":48,"column":55},"end":{"line":52,"column":8}},"14":{"start":{"line":53,"column":56},"end":{"line":53,"column":92}},"15":{"start":{"line":58,"column":15},"end":{"line":58,"column":null}}},"fnMap":{"0":{"name":"(anonymous_0)","decl":{"start":{"line":8,"column":18},"end":{"line":8,"column":19}},"loc":{"start":{"line":8,"column":44},"end":{"line":15,"column":3}}},"1":{"name":"(anonymous_1)","decl":{"start":{"line":37,"column":13},"end":{"line":37,"column":14}},"loc":{"start":{"line":37,"column":27},"end":{"line":55,"column":4}}},"2":{"name":"(anonymous_2)","decl":{"start":{"line":39,"column":13},"end":{"line":39,"column":16}},"loc":{"start":{"line":39,"column":19},"end":{"line":39,"column":38}}},"3":{"name":"(anonymous_3)","decl":{"start":{"line":44,"column":13},"end":{"line":44,"column":14}},"loc":{"start":{"line":44,"column":27},"end":{"line":44,"column":50}}},"4":{"name":"(anonymous_4)","decl":{"start":{"line":45,"column":20},"end":{"line":45,"column":21}},"loc":{"start":{"line":45,"column":49},"end":{"line":45,"column":85}}},"5":{"name":"(anonymous_5)","decl":{"start":{"line":48,"column":13},"end":{"line":48,"column":14}},"loc":{"start":{"line":48,"column":55},"end":{"line":52,"column":8}}},"6":{"name":"(anonymous_6)","decl":{"start":{"line":53,"column":23},"end":{"line":53,"column":24}},"loc":{"start":{"line":53,"column":56},"end":{"line":53,"column":92}}}},"branchMap":{"0":{"loc":{"start":{"line":10,"column":18},"end":{"line":10,"column":42}},"type":"cond-expr","locations":[{"start":{"line":10,"column":29},"end":{"line":10,"column":31}},{"start":{"line":10,"column":29},"end":{"line":10,"column":42}}]},"1":{"loc":{"start":{"line":10,"column":18},"end":{"line":10,"column":31}},"type":"binary-expr","locations":[{"start":{"line":10,"column":18},"end":{"line":10,"column":31}},{"start":{"line":10,"column":29},"end":{"line":10,"column":31}}]},"2":{"loc":{"start":{"line":10,"column":18},"end":{"line":10,"column":29}},"type":"cond-expr","locations":[{"start":{"line":10,"column":23},"end":{"line":10,"column":25}},{"start":{"line":10,"column":18},"end":{"line":10,"column":29}}]},"3":{"loc":{"start":{"line":10,"column":18},"end":{"line":10,"column":25}},"type":"binary-expr","locations":[{"start":{"line":10,"column":18},"end":{"line":10,"column":25}},{"start":{"line":10,"column":18},"end":{"line":10,"column":25}}]},"4":{"loc":{"start":{"line":11,"column":4},"end":{"line":13,"column":5}},"type":"if","locations":[{"start":{"line":11,"column":4},"end":{"line":13,"column":5}}]}},"s":{"0":0,"1":0,"2":0,"3":0,"4":0,"5":0,"6":0,"7":0,"8":0,"9":0,"10":0,"11":0,"12":0,"13":0,"14":0,"15":0},"f":{"0":0,"1":0,"2":0,"3":0,"4":0,"5":0,"6":0},"b":{"0":[0,0],"1":[0,0],"2":[0,0],"3":[0,0],"4":[0]}}
,"F:\\develop\\procurement-pl\\src\\__data__\\api\\productsApi.ts": {"path":"F:\\develop\\procurement-pl\\src\\__data__\\api\\productsApi.ts","statementMap":{"0":{"start":{"line":1,"column":0},"end":{"line":1,"column":72}},"1":{"start":{"line":2,"column":0},"end":{"line":2,"column":30}},"2":{"start":{"line":37,"column":13},"end":{"line":116,"column":null}},"3":{"start":{"line":42,"column":20},"end":{"line":42,"column":55}},"4":{"start":{"line":43,"column":20},"end":{"line":43,"column":44}},"5":{"start":{"line":44,"column":6},"end":{"line":46,"column":7}},"6":{"start":{"line":45,"column":8},"end":{"line":45,"column":null}},"7":{"start":{"line":47,"column":6},"end":{"line":47,"column":null}},"8":{"start":{"line":51,"column":27},"end":{"line":115,"column":4}},"9":{"start":{"line":53,"column":32},"end":{"line":53,"column":57}},"10":{"start":{"line":55,"column":8},"end":{"line":60,"column":45}},"11":{"start":{"line":57,"column":39},"end":{"line":57,"column":71}},"12":{"start":{"line":64,"column":21},"end":{"line":64,"column":29}},"13":{"start":{"line":65,"column":43},"end":{"line":65,"column":68}},"14":{"start":{"line":69,"column":24},"end":{"line":73,"column":8}},"15":{"start":{"line":78,"column":32},"end":{"line":82,"column":8}},"16":{"start":{"line":83,"column":50},"end":{"line":83,"column":75}},"17":{"start":{"line":87,"column":22},"end":{"line":90,"column":8}},"18":{"start":{"line":91,"column":46},"end":{"line":91,"column":71}},"19":{"start":{"line":96,"column":25},"end":{"line":96,"column":39}},"20":{"start":{"line":97,"column":8},"end":{"line":97,"column":null}},"21":{"start":{"line":98,"column":8},"end":{"line":98,"column":null}},"22":{"start":{"line":99,"column":8},"end":{"line":103,"column":null}},"23":{"start":{"line":105,"column":57},"end":{"line":105,"column":93}},"24":{"start":{"line":109,"column":41},"end":{"line":112,"column":8}},"25":{"start":{"line":113,"column":57},"end":{"line":113,"column":93}},"26":{"start":{"line":119,"column":2},"end":{"line":126,"column":null}}},"fnMap":{"0":{"name":"(anonymous_0)","decl":{"start":{"line":41,"column":20},"end":{"line":41,"column":21}},"loc":{"start":{"line":41,"column":46},"end":{"line":48,"column":5}}},"1":{"name":"(anonymous_1)","decl":{"start":{"line":51,"column":13},"end":{"line":51,"column":14}},"loc":{"start":{"line":51,"column":27},"end":{"line":115,"column":4}}},"2":{"name":"(anonymous_2)","decl":{"start":{"line":53,"column":13},"end":{"line":53,"column":14}},"loc":{"start":{"line":53,"column":32},"end":{"line":53,"column":57}}},"3":{"name":"(anonymous_3)","decl":{"start":{"line":54,"column":20},"end":{"line":54,"column":21}},"loc":{"start":{"line":55,"column":8},"end":{"line":60,"column":45}}},"4":{"name":"(anonymous_4)","decl":{"start":{"line":57,"column":26},"end":{"line":57,"column":27}},"loc":{"start":{"line":57,"column":39},"end":{"line":57,"column":71}}},"5":{"name":"(anonymous_5)","decl":{"start":{"line":64,"column":13},"end":{"line":64,"column":14}},"loc":{"start":{"line":64,"column":21},"end":{"line":64,"column":29}}},"6":{"name":"(anonymous_6)","decl":{"start":{"line":65,"column":20},"end":{"line":65,"column":21}},"loc":{"start":{"line":65,"column":43},"end":{"line":65,"column":68}}},"7":{"name":"(anonymous_7)","decl":{"start":{"line":69,"column":13},"end":{"line":69,"column":14}},"loc":{"start":{"line":69,"column":24},"end":{"line":73,"column":8}}},"8":{"name":"(anonymous_8)","decl":{"start":{"line":78,"column":13},"end":{"line":78,"column":14}},"loc":{"start":{"line":78,"column":32},"end":{"line":82,"column":8}}},"9":{"name":"(anonymous_9)","decl":{"start":{"line":83,"column":23},"end":{"line":83,"column":24}},"loc":{"start":{"line":83,"column":50},"end":{"line":83,"column":75}}},"10":{"name":"(anonymous_10)","decl":{"start":{"line":87,"column":13},"end":{"line":87,"column":14}},"loc":{"start":{"line":87,"column":22},"end":{"line":90,"column":8}}},"11":{"name":"(anonymous_11)","decl":{"start":{"line":91,"column":23},"end":{"line":91,"column":24}},"loc":{"start":{"line":91,"column":46},"end":{"line":91,"column":71}}},"12":{"name":"(anonymous_12)","decl":{"start":{"line":95,"column":13},"end":{"line":95,"column":14}},"loc":{"start":{"line":95,"column":47},"end":{"line":104,"column":7}}},"13":{"name":"(anonymous_13)","decl":{"start":{"line":105,"column":23},"end":{"line":105,"column":24}},"loc":{"start":{"line":105,"column":57},"end":{"line":105,"column":93}}},"14":{"name":"(anonymous_14)","decl":{"start":{"line":109,"column":13},"end":{"line":109,"column":14}},"loc":{"start":{"line":109,"column":41},"end":{"line":112,"column":8}}},"15":{"name":"(anonymous_15)","decl":{"start":{"line":113,"column":23},"end":{"line":113,"column":24}},"loc":{"start":{"line":113,"column":57},"end":{"line":113,"column":93}}}},"branchMap":{"0":{"loc":{"start":{"line":43,"column":20},"end":{"line":43,"column":44}},"type":"cond-expr","locations":[{"start":{"line":43,"column":31},"end":{"line":43,"column":33}},{"start":{"line":43,"column":31},"end":{"line":43,"column":44}}]},"1":{"loc":{"start":{"line":43,"column":20},"end":{"line":43,"column":33}},"type":"binary-expr","locations":[{"start":{"line":43,"column":20},"end":{"line":43,"column":33}},{"start":{"line":43,"column":31},"end":{"line":43,"column":33}}]},"2":{"loc":{"start":{"line":43,"column":20},"end":{"line":43,"column":31}},"type":"cond-expr","locations":[{"start":{"line":43,"column":25},"end":{"line":43,"column":27}},{"start":{"line":43,"column":20},"end":{"line":43,"column":31}}]},"3":{"loc":{"start":{"line":43,"column":20},"end":{"line":43,"column":27}},"type":"binary-expr","locations":[{"start":{"line":43,"column":20},"end":{"line":43,"column":27}},{"start":{"line":43,"column":20},"end":{"line":43,"column":27}}]},"4":{"loc":{"start":{"line":44,"column":6},"end":{"line":46,"column":7}},"type":"if","locations":[{"start":{"line":44,"column":6},"end":{"line":46,"column":7}}]},"5":{"loc":{"start":{"line":55,"column":8},"end":{"line":60,"column":45}},"type":"cond-expr","locations":[{"start":{"line":56,"column":12},"end":{"line":59,"column":null}},{"start":{"line":60,"column":12},"end":{"line":60,"column":45}}]}},"s":{"0":0,"1":0,"2":0,"3":0,"4":0,"5":0,"6":0,"7":0,"8":0,"9":0,"10":0,"11":0,"12":0,"13":0,"14":0,"15":0,"16":0,"17":0,"18":0,"19":0,"20":0,"21":0,"22":0,"23":0,"24":0,"25":0,"26":0},"f":{"0":0,"1":0,"2":0,"3":0,"4":0,"5":0,"6":0,"7":0,"8":0,"9":0,"10":0,"11":0,"12":0,"13":0,"14":0,"15":0},"b":{"0":[0,0],"1":[0,0],"2":[0,0],"3":[0,0],"4":[0],"5":[0,0]}}
,"F:\\develop\\procurement-pl\\src\\__data__\\api\\requestsApi.ts": {"path":"F:\\develop\\procurement-pl\\src\\__data__\\api\\requestsApi.ts","statementMap":{"0":{"start":{"line":1,"column":0},"end":{"line":1,"column":72}},"1":{"start":{"line":2,"column":0},"end":{"line":2,"column":30}},"2":{"start":{"line":6,"column":18},"end":{"line":16,"column":2}},"3":{"start":{"line":9,"column":18},"end":{"line":9,"column":53}},"4":{"start":{"line":10,"column":18},"end":{"line":10,"column":42}},"5":{"start":{"line":11,"column":4},"end":{"line":13,"column":5}},"6":{"start":{"line":12,"column":6},"end":{"line":12,"column":null}},"7":{"start":{"line":14,"column":4},"end":{"line":14,"column":null}},"8":{"start":{"line":32,"column":13},"end":{"line":48,"column":null}},"9":{"start":{"line":36,"column":27},"end":{"line":47,"column":4}},"10":{"start":{"line":39,"column":26},"end":{"line":39,"column":79}},"11":{"start":{"line":44,"column":19},"end":{"line":44,"column":34}},"12":{"start":{"line":50,"column":15},"end":{"line":50,"column":null}}},"fnMap":{"0":{"name":"(anonymous_0)","decl":{"start":{"line":8,"column":18},"end":{"line":8,"column":19}},"loc":{"start":{"line":8,"column":44},"end":{"line":15,"column":3}}},"1":{"name":"(anonymous_1)","decl":{"start":{"line":36,"column":13},"end":{"line":36,"column":14}},"loc":{"start":{"line":36,"column":27},"end":{"line":47,"column":4}}},"2":{"name":"(anonymous_2)","decl":{"start":{"line":39,"column":15},"end":{"line":39,"column":16}},"loc":{"start":{"line":39,"column":26},"end":{"line":39,"column":79}}},"3":{"name":"(anonymous_3)","decl":{"start":{"line":44,"column":13},"end":{"line":44,"column":16}},"loc":{"start":{"line":44,"column":19},"end":{"line":44,"column":34}}}},"branchMap":{"0":{"loc":{"start":{"line":10,"column":18},"end":{"line":10,"column":42}},"type":"cond-expr","locations":[{"start":{"line":10,"column":29},"end":{"line":10,"column":31}},{"start":{"line":10,"column":29},"end":{"line":10,"column":42}}]},"1":{"loc":{"start":{"line":10,"column":18},"end":{"line":10,"column":31}},"type":"binary-expr","locations":[{"start":{"line":10,"column":18},"end":{"line":10,"column":31}},{"start":{"line":10,"column":29},"end":{"line":10,"column":31}}]},"2":{"loc":{"start":{"line":10,"column":18},"end":{"line":10,"column":29}},"type":"cond-expr","locations":[{"start":{"line":10,"column":23},"end":{"line":10,"column":25}},{"start":{"line":10,"column":18},"end":{"line":10,"column":29}}]},"3":{"loc":{"start":{"line":10,"column":18},"end":{"line":10,"column":25}},"type":"binary-expr","locations":[{"start":{"line":10,"column":18},"end":{"line":10,"column":25}},{"start":{"line":10,"column":18},"end":{"line":10,"column":25}}]},"4":{"loc":{"start":{"line":11,"column":4},"end":{"line":13,"column":5}},"type":"if","locations":[{"start":{"line":11,"column":4},"end":{"line":13,"column":5}}]}},"s":{"0":0,"1":0,"2":0,"3":0,"4":0,"5":0,"6":0,"7":0,"8":0,"9":0,"10":0,"11":0,"12":0},"f":{"0":0,"1":0,"2":0,"3":0},"b":{"0":[0,0],"1":[0,0],"2":[0,0],"3":[0,0],"4":[0]}}
,"F:\\develop\\procurement-pl\\src\\__data__\\api\\reviewsApi.ts": {"path":"F:\\develop\\procurement-pl\\src\\__data__\\api\\reviewsApi.ts","statementMap":{"0":{"start":{"line":1,"column":0},"end":{"line":1,"column":72}},"1":{"start":{"line":2,"column":0},"end":{"line":2,"column":30}},"2":{"start":{"line":6,"column":18},"end":{"line":16,"column":2}},"3":{"start":{"line":9,"column":18},"end":{"line":9,"column":53}},"4":{"start":{"line":10,"column":18},"end":{"line":10,"column":42}},"5":{"start":{"line":11,"column":4},"end":{"line":13,"column":5}},"6":{"start":{"line":12,"column":6},"end":{"line":12,"column":null}},"7":{"start":{"line":14,"column":4},"end":{"line":14,"column":null}},"8":{"start":{"line":38,"column":13},"end":{"line":62,"column":null}},"9":{"start":{"line":42,"column":27},"end":{"line":61,"column":4}},"10":{"start":{"line":45,"column":8},"end":{"line":47,"column":9}},"11":{"start":{"line":46,"column":10},"end":{"line":46,"column":null}},"12":{"start":{"line":48,"column":8},"end":{"line":48,"column":null}},"13":{"start":{"line":51,"column":8},"end":{"line":51,"column":61}},"14":{"start":{"line":54,"column":27},"end":{"line":58,"column":8}},"15":{"start":{"line":59,"column":51},"end":{"line":59,"column":95}},"16":{"start":{"line":64,"column":15},"end":{"line":64,"column":null}}},"fnMap":{"0":{"name":"(anonymous_0)","decl":{"start":{"line":8,"column":18},"end":{"line":8,"column":19}},"loc":{"start":{"line":8,"column":44},"end":{"line":15,"column":3}}},"1":{"name":"(anonymous_1)","decl":{"start":{"line":42,"column":13},"end":{"line":42,"column":14}},"loc":{"start":{"line":42,"column":27},"end":{"line":61,"column":4}}},"2":{"name":"(anonymous_2)","decl":{"start":{"line":44,"column":13},"end":{"line":44,"column":14}},"loc":{"start":{"line":44,"column":27},"end":{"line":49,"column":7}}},"3":{"name":"(anonymous_3)","decl":{"start":{"line":50,"column":20},"end":{"line":50,"column":21}},"loc":{"start":{"line":51,"column":8},"end":{"line":51,"column":61}}},"4":{"name":"(anonymous_4)","decl":{"start":{"line":54,"column":13},"end":{"line":54,"column":14}},"loc":{"start":{"line":54,"column":27},"end":{"line":58,"column":8}}},"5":{"name":"(anonymous_5)","decl":{"start":{"line":59,"column":23},"end":{"line":59,"column":24}},"loc":{"start":{"line":59,"column":51},"end":{"line":59,"column":95}}}},"branchMap":{"0":{"loc":{"start":{"line":10,"column":18},"end":{"line":10,"column":42}},"type":"cond-expr","locations":[{"start":{"line":10,"column":29},"end":{"line":10,"column":31}},{"start":{"line":10,"column":29},"end":{"line":10,"column":42}}]},"1":{"loc":{"start":{"line":10,"column":18},"end":{"line":10,"column":31}},"type":"binary-expr","locations":[{"start":{"line":10,"column":18},"end":{"line":10,"column":31}},{"start":{"line":10,"column":29},"end":{"line":10,"column":31}}]},"2":{"loc":{"start":{"line":10,"column":18},"end":{"line":10,"column":29}},"type":"cond-expr","locations":[{"start":{"line":10,"column":23},"end":{"line":10,"column":25}},{"start":{"line":10,"column":18},"end":{"line":10,"column":29}}]},"3":{"loc":{"start":{"line":10,"column":18},"end":{"line":10,"column":25}},"type":"binary-expr","locations":[{"start":{"line":10,"column":18},"end":{"line":10,"column":25}},{"start":{"line":10,"column":18},"end":{"line":10,"column":25}}]},"4":{"loc":{"start":{"line":11,"column":4},"end":{"line":13,"column":5}},"type":"if","locations":[{"start":{"line":11,"column":4},"end":{"line":13,"column":5}}]},"5":{"loc":{"start":{"line":45,"column":8},"end":{"line":47,"column":9}},"type":"if","locations":[{"start":{"line":45,"column":8},"end":{"line":47,"column":9}}]},"6":{"loc":{"start":{"line":51,"column":8},"end":{"line":51,"column":61}},"type":"cond-expr","locations":[{"start":{"line":51,"column":20},"end":{"line":51,"column":56}},{"start":{"line":51,"column":59},"end":{"line":51,"column":61}}]}},"s":{"0":0,"1":0,"2":0,"3":0,"4":0,"5":0,"6":0,"7":0,"8":0,"9":0,"10":0,"11":0,"12":0,"13":0,"14":0,"15":0,"16":0},"f":{"0":0,"1":0,"2":0,"3":0,"4":0,"5":0},"b":{"0":[0,0],"1":[0,0],"2":[0,0],"3":[0,0],"4":[0],"5":[0],"6":[0,0]}}
,"F:\\develop\\procurement-pl\\src\\__data__\\api\\searchApi.ts": {"path":"F:\\develop\\procurement-pl\\src\\__data__\\api\\searchApi.ts","statementMap":{"0":{"start":{"line":1,"column":0},"end":{"line":1,"column":72}},"1":{"start":{"line":3,"column":0},"end":{"line":3,"column":30}},"2":{"start":{"line":45,"column":24},"end":{"line":70,"column":1}},"3":{"start":{"line":46,"column":23},"end":{"line":46,"column":44}},"4":{"start":{"line":48,"column":2},"end":{"line":67,"column":3}},"5":{"start":{"line":49,"column":4},"end":{"line":51,"column":5}},"6":{"start":{"line":50,"column":6},"end":{"line":50,"column":14}},"7":{"start":{"line":53,"column":4},"end":{"line":66,"column":5}},"8":{"start":{"line":55,"column":6},"end":{"line":59,"column":null}},"9":{"start":{"line":56,"column":8},"end":{"line":58,"column":9}},"10":{"start":{"line":57,"column":10},"end":{"line":57,"column":null}},"11":{"start":{"line":60,"column":11},"end":{"line":66,"column":5}},"12":{"start":{"line":62,"column":6},"end":{"line":62,"column":null}},"13":{"start":{"line":65,"column":6},"end":{"line":65,"column":null}},"14":{"start":{"line":69,"column":2},"end":{"line":69,"column":null}},"15":{"start":{"line":72,"column":13},"end":{"line":167,"column":null}},"16":{"start":{"line":78,"column":20},"end":{"line":78,"column":55}},"17":{"start":{"line":79,"column":20},"end":{"line":79,"column":44}},"18":{"start":{"line":80,"column":6},"end":{"line":82,"column":7}},"19":{"start":{"line":81,"column":8},"end":{"line":81,"column":null}},"20":{"start":{"line":83,"column":6},"end":{"line":83,"column":null}},"21":{"start":{"line":87,"column":27},"end":{"line":166,"column":4}},"22":{"start":{"line":90,"column":8},"end":{"line":90,"column":null}},"23":{"start":{"line":91,"column":8},"end":{"line":94,"column":null}},"24":{"start":{"line":100,"column":24},"end":{"line":104,"column":8}},"25":{"start":{"line":109,"column":25},"end":{"line":112,"column":8}},"26":{"start":{"line":116,"column":24},"end":{"line":120,"column":8}},"27":{"start":{"line":125,"column":19},"end":{"line":125,"column":27}},"28":{"start":{"line":130,"column":22},"end":{"line":133,"column":8}},"29":{"start":{"line":138,"column":19},"end":{"line":138,"column":29}},"30":{"start":{"line":143,"column":29},"end":{"line":146,"column":8}},"31":{"start":{"line":150,"column":29},"end":{"line":153,"column":8}},"32":{"start":{"line":164,"column":19},"end":{"line":164,"column":37}},"33":{"start":{"line":170,"column":2},"end":{"line":182,"column":null}}},"fnMap":{"0":{"name":"(anonymous_0)","decl":{"start":{"line":45,"column":24},"end":{"line":45,"column":25}},"loc":{"start":{"line":45,"column":64},"end":{"line":70,"column":1}}},"1":{"name":"(anonymous_1)","decl":{"start":{"line":55,"column":20},"end":{"line":55,"column":21}},"loc":{"start":{"line":55,"column":24},"end":{"line":59,"column":7}}},"2":{"name":"(anonymous_2)","decl":{"start":{"line":77,"column":20},"end":{"line":77,"column":21}},"loc":{"start":{"line":77,"column":46},"end":{"line":84,"column":5}}},"3":{"name":"(anonymous_3)","decl":{"start":{"line":87,"column":13},"end":{"line":87,"column":14}},"loc":{"start":{"line":87,"column":27},"end":{"line":166,"column":4}}},"4":{"name":"(anonymous_4)","decl":{"start":{"line":89,"column":13},"end":{"line":89,"column":14}},"loc":{"start":{"line":89,"column":24},"end":{"line":95,"column":7}}},"5":{"name":"(anonymous_5)","decl":{"start":{"line":100,"column":13},"end":{"line":100,"column":14}},"loc":{"start":{"line":100,"column":24},"end":{"line":104,"column":8}}},"6":{"name":"(anonymous_6)","decl":{"start":{"line":109,"column":13},"end":{"line":109,"column":14}},"loc":{"start":{"line":109,"column":25},"end":{"line":112,"column":8}}},"7":{"name":"(anonymous_7)","decl":{"start":{"line":116,"column":13},"end":{"line":116,"column":14}},"loc":{"start":{"line":116,"column":24},"end":{"line":120,"column":8}}},"8":{"name":"(anonymous_8)","decl":{"start":{"line":125,"column":13},"end":{"line":125,"column":16}},"loc":{"start":{"line":125,"column":19},"end":{"line":125,"column":27}}},"9":{"name":"(anonymous_9)","decl":{"start":{"line":130,"column":13},"end":{"line":130,"column":14}},"loc":{"start":{"line":130,"column":22},"end":{"line":133,"column":8}}},"10":{"name":"(anonymous_10)","decl":{"start":{"line":138,"column":13},"end":{"line":138,"column":16}},"loc":{"start":{"line":138,"column":19},"end":{"line":138,"column":29}}},"11":{"name":"(anonymous_11)","decl":{"start":{"line":143,"column":13},"end":{"line":143,"column":14}},"loc":{"start":{"line":143,"column":29},"end":{"line":146,"column":8}}},"12":{"name":"(anonymous_12)","decl":{"start":{"line":150,"column":13},"end":{"line":150,"column":14}},"loc":{"start":{"line":150,"column":29},"end":{"line":153,"column":8}}},"13":{"name":"(anonymous_13)","decl":{"start":{"line":164,"column":13},"end":{"line":164,"column":16}},"loc":{"start":{"line":164,"column":19},"end":{"line":164,"column":37}}}},"branchMap":{"0":{"loc":{"start":{"line":49,"column":4},"end":{"line":51,"column":5}},"type":"if","locations":[{"start":{"line":49,"column":4},"end":{"line":51,"column":5}}]},"1":{"loc":{"start":{"line":49,"column":8},"end":{"line":49,"column":45}},"type":"binary-expr","locations":[{"start":{"line":49,"column":8},"end":{"line":49,"column":27}},{"start":{"line":49,"column":31},"end":{"line":49,"column":45}}]},"2":{"loc":{"start":{"line":53,"column":4},"end":{"line":66,"column":5}},"type":"if","locations":[{"start":{"line":53,"column":4},"end":{"line":66,"column":5}},{"start":{"line":60,"column":11},"end":{"line":66,"column":5}}]},"3":{"loc":{"start":{"line":56,"column":8},"end":{"line":58,"column":9}},"type":"if","locations":[{"start":{"line":56,"column":8},"end":{"line":58,"column":9}}]},"4":{"loc":{"start":{"line":56,"column":12},"end":{"line":56,"column":41}},"type":"binary-expr","locations":[{"start":{"line":56,"column":12},"end":{"line":56,"column":27}},{"start":{"line":56,"column":31},"end":{"line":56,"column":41}}]},"5":{"loc":{"start":{"line":60,"column":11},"end":{"line":66,"column":5}},"type":"if","locations":[{"start":{"line":60,"column":11},"end":{"line":66,"column":5}},{"start":{"line":63,"column":11},"end":{"line":66,"column":5}}]},"6":{"loc":{"start":{"line":62,"column":28},"end":{"line":62,"column":52}},"type":"cond-expr","locations":[{"start":{"line":62,"column":36},"end":{"line":62,"column":42}},{"start":{"line":62,"column":45},"end":{"line":62,"column":52}}]},"7":{"loc":{"start":{"line":79,"column":20},"end":{"line":79,"column":44}},"type":"cond-expr","locations":[{"start":{"line":79,"column":31},"end":{"line":79,"column":33}},{"start":{"line":79,"column":31},"end":{"line":79,"column":44}}]},"8":{"loc":{"start":{"line":79,"column":20},"end":{"line":79,"column":33}},"type":"binary-expr","locations":[{"start":{"line":79,"column":20},"end":{"line":79,"column":33}},{"start":{"line":79,"column":31},"end":{"line":79,"column":33}}]},"9":{"loc":{"start":{"line":79,"column":20},"end":{"line":79,"column":31}},"type":"cond-expr","locations":[{"start":{"line":79,"column":25},"end":{"line":79,"column":27}},{"start":{"line":79,"column":20},"end":{"line":79,"column":31}}]},"10":{"loc":{"start":{"line":79,"column":20},"end":{"line":79,"column":27}},"type":"binary-expr","locations":[{"start":{"line":79,"column":20},"end":{"line":79,"column":27}},{"start":{"line":79,"column":20},"end":{"line":79,"column":27}}]},"11":{"loc":{"start":{"line":80,"column":6},"end":{"line":82,"column":7}},"type":"if","locations":[{"start":{"line":80,"column":6},"end":{"line":82,"column":7}}]}},"s":{"0":0,"1":0,"2":0,"3":0,"4":0,"5":0,"6":0,"7":0,"8":0,"9":0,"10":0,"11":0,"12":0,"13":0,"14":0,"15":0,"16":0,"17":0,"18":0,"19":0,"20":0,"21":0,"22":0,"23":0,"24":0,"25":0,"26":0,"27":0,"28":0,"29":0,"30":0,"31":0,"32":0,"33":0},"f":{"0":0,"1":0,"2":0,"3":0,"4":0,"5":0,"6":0,"7":0,"8":0,"9":0,"10":0,"11":0,"12":0,"13":0},"b":{"0":[0],"1":[0,0],"2":[0,0],"3":[0],"4":[0,0],"5":[0,0],"6":[0,0],"7":[0,0],"8":[0,0],"9":[0,0],"10":[0,0],"11":[0]}}
,"F:\\develop\\procurement-pl\\src\\__data__\\slices\\authSlice.ts": {"path":"F:\\develop\\procurement-pl\\src\\__data__\\slices\\authSlice.ts","statementMap":{"0":{"start":{"line":1,"column":0},"end":{"line":1,"column":61}},"1":{"start":{"line":3,"column":0},"end":{"line":3,"column":50}},"2":{"start":{"line":4,"column":0},"end":{"line":4,"column":48}},"3":{"start":{"line":17,"column":26},"end":{"line":20,"column":1}},"4":{"start":{"line":19,"column":2},"end":{"line":19,"column":null}},"5":{"start":{"line":23,"column":30},"end":{"line":124,"column":1}},"6":{"start":{"line":24,"column":2},"end":{"line":115,"column":3}},"7":{"start":{"line":25,"column":4},"end":{"line":114,"column":5}},"8":{"start":{"line":26,"column":26},"end":{"line":26,"column":63}},"9":{"start":{"line":27,"column":27},"end":{"line":27,"column":65}},"10":{"start":{"line":28,"column":23},"end":{"line":28,"column":53}},"11":{"start":{"line":29,"column":26},"end":{"line":29,"column":59}},"12":{"start":{"line":32,"column":17},"end":{"line":32,"column":21}},"13":{"start":{"line":33,"column":20},"end":{"line":33,"column":24}},"14":{"start":{"line":35,"column":6},"end":{"line":70,"column":7}},"15":{"start":{"line":36,"column":8},"end":{"line":69,"column":9}},"16":{"start":{"line":38,"column":10},"end":{"line":48,"column":11}},"17":{"start":{"line":39,"column":12},"end":{"line":39,"column":null}},"18":{"start":{"line":40,"column":12},"end":{"line":40,"column":null}},"19":{"start":{"line":41,"column":12},"end":{"line":47,"column":null}},"20":{"start":{"line":49,"column":10},"end":{"line":49,"column":null}},"21":{"start":{"line":51,"column":10},"end":{"line":64,"column":11}},"22":{"start":{"line":55,"column":12},"end":{"line":55,"column":null}},"23":{"start":{"line":56,"column":12},"end":{"line":56,"column":null}},"24":{"start":{"line":57,"column":12},"end":{"line":63,"column":null}},"25":{"start":{"line":66,"column":10},"end":{"line":66,"column":null}},"26":{"start":{"line":67,"column":10},"end":{"line":67,"column":null}},"27":{"start":{"line":68,"column":10},"end":{"line":68,"column":null}},"28":{"start":{"line":72,"column":6},"end":{"line":79,"column":7}},"29":{"start":{"line":73,"column":8},"end":{"line":78,"column":9}},"30":{"start":{"line":74,"column":10},"end":{"line":74,"column":null}},"31":{"start":{"line":76,"column":10},"end":{"line":76,"column":null}},"32":{"start":{"line":77,"column":10},"end":{"line":77,"column":null}},"33":{"start":{"line":82,"column":6},"end":{"line":90,"column":7}},"34":{"start":{"line":83,"column":8},"end":{"line":89,"column":null}},"35":{"start":{"line":93,"column":6},"end":{"line":96,"column":7}},"36":{"start":{"line":94,"column":8},"end":{"line":94,"column":null}},"37":{"start":{"line":95,"column":8},"end":{"line":95,"column":null}},"38":{"start":{"line":98,"column":6},"end":{"line":104,"column":null}},"39":{"start":{"line":106,"column":6},"end":{"line":106,"column":null}},"40":{"start":{"line":107,"column":6},"end":{"line":113,"column":null}},"41":{"start":{"line":117,"column":2},"end":{"line":123,"column":null}},"42":{"start":{"line":126,"column":18},"end":{"line":129,"column":null}},"43":{"start":{"line":132,"column":18},"end":{"line":193,"column":2}},"44":{"start":{"line":137,"column":6},"end":{"line":137,"column":null}},"45":{"start":{"line":138,"column":6},"end":{"line":138,"column":null}},"46":{"start":{"line":139,"column":6},"end":{"line":139,"column":null}},"47":{"start":{"line":140,"column":6},"end":{"line":140,"column":null}},"48":{"start":{"line":141,"column":6},"end":{"line":141,"column":null}},"49":{"start":{"line":142,"column":6},"end":{"line":142,"column":null}},"50":{"start":{"line":145,"column":6},"end":{"line":150,"column":7}},"51":{"start":{"line":146,"column":8},"end":{"line":146,"column":null}},"52":{"start":{"line":147,"column":8},"end":{"line":147,"column":null}},"53":{"start":{"line":148,"column":8},"end":{"line":148,"column":null}},"54":{"start":{"line":149,"column":8},"end":{"line":149,"column":null}},"55":{"start":{"line":154,"column":6},"end":{"line":154,"column":null}},"56":{"start":{"line":155,"column":6},"end":{"line":155,"column":null}},"57":{"start":{"line":158,"column":6},"end":{"line":161,"column":7}},"58":{"start":{"line":159,"column":8},"end":{"line":159,"column":null}},"59":{"start":{"line":160,"column":8},"end":{"line":160,"column":null}},"60":{"start":{"line":165,"column":6},"end":{"line":165,"column":null}},"61":{"start":{"line":166,"column":6},"end":{"line":166,"column":null}},"62":{"start":{"line":167,"column":6},"end":{"line":167,"column":null}},"63":{"start":{"line":168,"column":6},"end":{"line":168,"column":null}},"64":{"start":{"line":169,"column":6},"end":{"line":169,"column":null}},"65":{"start":{"line":170,"column":6},"end":{"line":170,"column":null}},"66":{"start":{"line":173,"column":6},"end":{"line":178,"column":7}},"67":{"start":{"line":174,"column":8},"end":{"line":174,"column":null}},"68":{"start":{"line":175,"column":8},"end":{"line":175,"column":null}},"69":{"start":{"line":176,"column":8},"end":{"line":176,"column":null}},"70":{"start":{"line":177,"column":8},"end":{"line":177,"column":null}},"71":{"start":{"line":182,"column":6},"end":{"line":182,"column":null}},"72":{"start":{"line":186,"column":6},"end":{"line":186,"column":null}},"73":{"start":{"line":190,"column":6},"end":{"line":190,"column":null}},"74":{"start":{"line":195,"column":13},"end":{"line":195,"column":87}},"75":{"start":{"line":196,"column":0},"end":{"line":196,"column":null}}},"fnMap":{"0":{"name":"(anonymous_0)","decl":{"start":{"line":17,"column":26},"end":{"line":17,"column":27}},"loc":{"start":{"line":17,"column":51},"end":{"line":20,"column":1}}},"1":{"name":"(anonymous_1)","decl":{"start":{"line":23,"column":30},"end":{"line":23,"column":33}},"loc":{"start":{"line":23,"column":35},"end":{"line":124,"column":1}}},"2":{"name":"(anonymous_2)","decl":{"start":{"line":136,"column":20},"end":{"line":136,"column":21}},"loc":{"start":{"line":136,"column":67},"end":{"line":151,"column":5}}},"3":{"name":"(anonymous_3)","decl":{"start":{"line":153,"column":15},"end":{"line":153,"column":16}},"loc":{"start":{"line":153,"column":95},"end":{"line":162,"column":5}}},"4":{"name":"(anonymous_4)","decl":{"start":{"line":164,"column":12},"end":{"line":164,"column":13}},"loc":{"start":{"line":164,"column":22},"end":{"line":179,"column":5}}},"5":{"name":"(anonymous_5)","decl":{"start":{"line":181,"column":16},"end":{"line":181,"column":17}},"loc":{"start":{"line":181,"column":58},"end":{"line":183,"column":5}}},"6":{"name":"(anonymous_6)","decl":{"start":{"line":185,"column":14},"end":{"line":185,"column":15}},"loc":{"start":{"line":185,"column":62},"end":{"line":187,"column":5}}},"7":{"name":"(anonymous_7)","decl":{"start":{"line":189,"column":16},"end":{"line":189,"column":17}},"loc":{"start":{"line":189,"column":26},"end":{"line":191,"column":5}}}},"branchMap":{"0":{"loc":{"start":{"line":24,"column":2},"end":{"line":115,"column":3}},"type":"if","locations":[{"start":{"line":24,"column":2},"end":{"line":115,"column":3}}]},"1":{"loc":{"start":{"line":35,"column":6},"end":{"line":70,"column":7}},"type":"if","locations":[{"start":{"line":35,"column":6},"end":{"line":70,"column":7}}]},"2":{"loc":{"start":{"line":38,"column":10},"end":{"line":48,"column":11}},"type":"if","locations":[{"start":{"line":38,"column":10},"end":{"line":48,"column":11}}]},"3":{"loc":{"start":{"line":51,"column":10},"end":{"line":64,"column":11}},"type":"if","locations":[{"start":{"line":51,"column":10},"end":{"line":64,"column":11}}]},"4":{"loc":{"start":{"line":51,"column":14},"end":{"line":53,"column":null}},"type":"binary-expr","locations":[{"start":{"line":51,"column":14},"end":{"line":51,"column":18}},{"start":{"line":52,"column":13},"end":{"line":52,"column":27}},{"start":{"line":52,"column":31},"end":{"line":52,"column":64}},{"start":{"line":53,"column":13},"end":{"line":53,"column":26}},{"start":{"line":53,"column":30},"end":{"line":53,"column":62}}]},"5":{"loc":{"start":{"line":72,"column":6},"end":{"line":79,"column":7}},"type":"if","locations":[{"start":{"line":72,"column":6},"end":{"line":79,"column":7}}]},"6":{"loc":{"start":{"line":82,"column":6},"end":{"line":90,"column":7}},"type":"if","locations":[{"start":{"line":82,"column":6},"end":{"line":90,"column":7}}]},"7":{"loc":{"start":{"line":82,"column":10},"end":{"line":82,"column":61}},"type":"binary-expr","locations":[{"start":{"line":82,"column":10},"end":{"line":82,"column":21}},{"start":{"line":82,"column":25},"end":{"line":82,"column":29}},{"start":{"line":82,"column":33},"end":{"line":82,"column":61}}]},"8":{"loc":{"start":{"line":93,"column":6},"end":{"line":96,"column":7}},"type":"if","locations":[{"start":{"line":93,"column":6},"end":{"line":96,"column":7}}]},"9":{"loc":{"start":{"line":93,"column":10},"end":{"line":93,"column":52}},"type":"binary-expr","locations":[{"start":{"line":93,"column":10},"end":{"line":93,"column":21}},{"start":{"line":93,"column":25},"end":{"line":93,"column":52}}]},"10":{"loc":{"start":{"line":145,"column":6},"end":{"line":150,"column":7}},"type":"if","locations":[{"start":{"line":145,"column":6},"end":{"line":150,"column":7}}]},"11":{"loc":{"start":{"line":158,"column":6},"end":{"line":161,"column":7}},"type":"if","locations":[{"start":{"line":158,"column":6},"end":{"line":161,"column":7}}]},"12":{"loc":{"start":{"line":173,"column":6},"end":{"line":178,"column":7}},"type":"if","locations":[{"start":{"line":173,"column":6},"end":{"line":178,"column":7}}]}},"s":{"0":0,"1":0,"2":0,"3":0,"4":0,"5":0,"6":0,"7":0,"8":0,"9":0,"10":0,"11":0,"12":0,"13":0,"14":0,"15":0,"16":0,"17":0,"18":0,"19":0,"20":0,"21":0,"22":0,"23":0,"24":0,"25":0,"26":0,"27":0,"28":0,"29":0,"30":0,"31":0,"32":0,"33":0,"34":0,"35":0,"36":0,"37":0,"38":0,"39":0,"40":0,"41":0,"42":0,"43":0,"44":0,"45":0,"46":0,"47":0,"48":0,"49":0,"50":0,"51":0,"52":0,"53":0,"54":0,"55":0,"56":0,"57":0,"58":0,"59":0,"60":0,"61":0,"62":0,"63":0,"64":0,"65":0,"66":0,"67":0,"68":0,"69":0,"70":0,"71":0,"72":0,"73":0,"74":0,"75":0},"f":{"0":0,"1":0,"2":0,"3":0,"4":0,"5":0,"6":0,"7":0},"b":{"0":[0],"1":[0],"2":[0],"3":[0],"4":[0,0,0,0,0],"5":[0],"6":[0],"7":[0,0,0],"8":[0],"9":[0,0],"10":[0],"11":[0],"12":[0]}}
,"F:\\develop\\procurement-pl\\src\\components\\ErrorBoundary.tsx": {"path":"F:\\develop\\procurement-pl\\src\\components\\ErrorBoundary.tsx","statementMap":{"0":{"start":{"line":1,"column":0},"end":{"line":1,"column":62}},"1":{"start":{"line":2,"column":0},"end":{"line":2,"column":null}},"2":{"start":{"line":10,"column":0},"end":{"line":10,"column":48}},"3":{"start":{"line":25,"column":4},"end":{"line":25,"column":null}},"4":{"start":{"line":38,"column":2},"end":{"line":40,"column":null}},"5":{"start":{"line":39,"column":4},"end":{"line":39,"column":null}},"6":{"start":{"line":42,"column":2},"end":{"line":44,"column":null}},"7":{"start":{"line":43,"column":4},"end":{"line":43,"column":null}},"8":{"start":{"line":26,"column":4},"end":{"line":26,"column":null}},"9":{"start":{"line":30,"column":4},"end":{"line":30,"column":null}},"10":{"start":{"line":34,"column":4},"end":{"line":34,"column":null}},"11":{"start":{"line":35,"column":4},"end":{"line":35,"column":null}},"12":{"start":{"line":47,"column":4},"end":{"line":125,"column":5}},"13":{"start":{"line":48,"column":6},"end":{"line":50,"column":7}},"14":{"start":{"line":49,"column":8},"end":{"line":49,"column":null}},"15":{"start":{"line":52,"column":6},"end":{"line":124,"column":null}},"16":{"start":{"line":127,"column":4},"end":{"line":127,"column":null}},"17":{"start":{"line":23,"column":0},"end":{"line":23,"column":13}}},"fnMap":{"0":{"name":"(anonymous_9)","decl":{"start":{"line":24,"column":2},"end":{"line":24,"column":14}},"loc":{"start":{"line":24,"column":26},"end":{"line":27,"column":3}}},"1":{"name":"(anonymous_10)","decl":{"start":{"line":38,"column":16},"end":{"line":38,"column":25}},"loc":{"start":{"line":38,"column":27},"end":{"line":40,"column":3}}},"2":{"name":"(anonymous_11)","decl":{"start":{"line":42,"column":17},"end":{"line":42,"column":26}},"loc":{"start":{"line":42,"column":28},"end":{"line":44,"column":3}}},"3":{"name":"(anonymous_12)","decl":{"start":{"line":29,"column":2},"end":{"line":29,"column":8}},"loc":{"start":{"line":29,"column":46},"end":{"line":31,"column":3}}},"4":{"name":"(anonymous_13)","decl":{"start":{"line":33,"column":2},"end":{"line":33,"column":19}},"loc":{"start":{"line":33,"column":54},"end":{"line":36,"column":3}}},"5":{"name":"(anonymous_14)","decl":{"start":{"line":46,"column":2},"end":{"line":46,"column":8}},"loc":{"start":{"line":46,"column":8},"end":{"line":128,"column":3}}}},"branchMap":{"0":{"loc":{"start":{"line":47,"column":4},"end":{"line":125,"column":5}},"type":"if","locations":[{"start":{"line":47,"column":4},"end":{"line":125,"column":5}}]},"1":{"loc":{"start":{"line":48,"column":6},"end":{"line":50,"column":7}},"type":"if","locations":[{"start":{"line":48,"column":6},"end":{"line":50,"column":7}}]},"2":{"loc":{"start":{"line":76,"column":15},"end":{"line":99,"column":null}},"type":"binary-expr","locations":[{"start":{"line":76,"column":15},"end":{"line":76,"column":53}},{"start":{"line":76,"column":57},"end":{"line":76,"column":73}},{"start":{"line":77,"column":16},"end":{"line":98,"column":null}}]},"3":{"loc":{"start":{"line":88,"column":19},"end":{"line":97,"column":null}},"type":"binary-expr","locations":[{"start":{"line":88,"column":19},"end":{"line":88,"column":39}},{"start":{"line":89,"column":20},"end":{"line":96,"column":null}}]}},"s":{"0":0,"1":0,"2":0,"3":0,"4":0,"5":0,"6":0,"7":0,"8":0,"9":0,"10":0,"11":0,"12":0,"13":0,"14":0,"15":0,"16":0,"17":0},"f":{"0":0,"1":0,"2":0,"3":0,"4":0,"5":0},"b":{"0":[0],"1":[0],"2":[0,0,0],"3":[0,0]}}
,"F:\\develop\\procurement-pl\\src\\components\\ProtectedRoute.tsx": {"path":"F:\\develop\\procurement-pl\\src\\components\\ProtectedRoute.tsx","statementMap":{"0":{"start":{"line":1,"column":0},"end":{"line":1,"column":40}},"1":{"start":{"line":2,"column":0},"end":{"line":2,"column":56}},"2":{"start":{"line":3,"column":0},"end":{"line":3,"column":42}},"3":{"start":{"line":4,"column":0},"end":{"line":4,"column":50}},"4":{"start":{"line":5,"column":0},"end":{"line":5,"column":45}},"5":{"start":{"line":11,"column":61},"end":{"line":42,"column":1}},"6":{"start":{"line":12,"column":60},"end":{"line":12,"column":69}},"7":{"start":{"line":13,"column":19},"end":{"line":13,"column":32}},"8":{"start":{"line":16,"column":2},"end":{"line":21,"column":null}},"9":{"start":{"line":17,"column":4},"end":{"line":20,"column":5}},"10":{"start":{"line":18,"column":6},"end":{"line":18,"column":null}},"11":{"start":{"line":19,"column":6},"end":{"line":19,"column":null}},"12":{"start":{"line":23,"column":2},"end":{"line":29,"column":3}},"13":{"start":{"line":24,"column":4},"end":{"line":28,"column":null}},"14":{"start":{"line":31,"column":2},"end":{"line":34,"column":3}},"15":{"start":{"line":33,"column":4},"end":{"line":33,"column":null}},"16":{"start":{"line":37,"column":2},"end":{"line":39,"column":3}},"17":{"start":{"line":38,"column":4},"end":{"line":38,"column":null}},"18":{"start":{"line":41,"column":2},"end":{"line":41,"column":null}},"19":{"start":{"line":11,"column":13},"end":{"line":11,"column":61}}},"fnMap":{"0":{"name":"(anonymous_9)","decl":{"start":{"line":11,"column":61},"end":{"line":11,"column":62}},"loc":{"start":{"line":11,"column":78},"end":{"line":42,"column":1}}},"1":{"name":"(anonymous_10)","decl":{"start":{"line":16,"column":12},"end":{"line":16,"column":15}},"loc":{"start":{"line":16,"column":17},"end":{"line":21,"column":3}}}},"branchMap":{"0":{"loc":{"start":{"line":17,"column":4},"end":{"line":20,"column":5}},"type":"if","locations":[{"start":{"line":17,"column":4},"end":{"line":20,"column":5}}]},"1":{"loc":{"start":{"line":17,"column":8},"end":{"line":17,"column":50}},"type":"binary-expr","locations":[{"start":{"line":17,"column":8},"end":{"line":17,"column":19}},{"start":{"line":17,"column":23},"end":{"line":17,"column":50}}]},"2":{"loc":{"start":{"line":23,"column":2},"end":{"line":29,"column":3}},"type":"if","locations":[{"start":{"line":23,"column":2},"end":{"line":29,"column":3}}]},"3":{"loc":{"start":{"line":31,"column":2},"end":{"line":34,"column":3}},"type":"if","locations":[{"start":{"line":31,"column":2},"end":{"line":34,"column":3}}]},"4":{"loc":{"start":{"line":37,"column":2},"end":{"line":39,"column":3}},"type":"if","locations":[{"start":{"line":37,"column":2},"end":{"line":39,"column":3}}]},"5":{"loc":{"start":{"line":37,"column":6},"end":{"line":37,"column":48}},"type":"binary-expr","locations":[{"start":{"line":37,"column":6},"end":{"line":37,"column":17}},{"start":{"line":37,"column":21},"end":{"line":37,"column":48}}]}},"s":{"0":0,"1":0,"2":0,"3":0,"4":0,"5":0,"6":0,"7":0,"8":0,"9":0,"10":0,"11":0,"12":0,"13":0,"14":0,"15":0,"16":0,"17":0,"18":0,"19":0},"f":{"0":0,"1":0},"b":{"0":[0],"1":[0,0],"2":[0],"3":[0],"4":[0],"5":[0,0]}}
,"F:\\develop\\procurement-pl\\src\\components\\index.ts": {"path":"F:\\develop\\procurement-pl\\src\\components\\index.ts","statementMap":{"0":{"start":{"line":2,"column":0},"end":{"line":2,"column":9}},"1":{"start":{"line":2,"column":9},"end":{"line":2,"column":48}},"2":{"start":{"line":5,"column":0},"end":{"line":5,"column":9}},"3":{"start":{"line":5,"column":9},"end":{"line":5,"column":45}},"4":{"start":{"line":6,"column":0},"end":{"line":6,"column":9}},"5":{"start":{"line":6,"column":9},"end":{"line":6,"column":47}},"6":{"start":{"line":7,"column":0},"end":{"line":7,"column":9}},"7":{"start":{"line":7,"column":9},"end":{"line":7,"column":51}},"8":{"start":{"line":8,"column":0},"end":{"line":8,"column":9}},"9":{"start":{"line":8,"column":9},"end":{"line":8,"column":51}},"10":{"start":{"line":11,"column":0},"end":{"line":11,"column":9}},"11":{"start":{"line":11,"column":9},"end":{"line":11,"column":47}},"12":{"start":{"line":12,"column":0},"end":{"line":12,"column":9}},"13":{"start":{"line":12,"column":9},"end":{"line":12,"column":65}},"14":{"start":{"line":15,"column":0},"end":{"line":15,"column":9}},"15":{"start":{"line":15,"column":9},"end":{"line":15,"column":56}},"16":{"start":{"line":16,"column":0},"end":{"line":16,"column":9}},"17":{"start":{"line":16,"column":9},"end":{"line":16,"column":52}},"18":{"start":{"line":17,"column":0},"end":{"line":17,"column":9}},"19":{"start":{"line":17,"column":9},"end":{"line":17,"column":50}},"20":{"start":{"line":18,"column":0},"end":{"line":18,"column":9}},"21":{"start":{"line":18,"column":9},"end":{"line":18,"column":50}},"22":{"start":{"line":21,"column":0},"end":{"line":21,"column":9}},"23":{"start":{"line":21,"column":9},"end":{"line":21,"column":64}},"24":{"start":{"line":22,"column":0},"end":{"line":22,"column":9}},"25":{"start":{"line":22,"column":9},"end":{"line":22,"column":70}},"26":{"start":{"line":23,"column":0},"end":{"line":23,"column":9}},"27":{"start":{"line":23,"column":9},"end":{"line":23,"column":64}},"28":{"start":{"line":26,"column":0},"end":{"line":26,"column":9}},"29":{"start":{"line":26,"column":9},"end":{"line":26,"column":69}},"30":{"start":{"line":27,"column":0},"end":{"line":27,"column":9}},"31":{"start":{"line":27,"column":9},"end":{"line":27,"column":63}},"32":{"start":{"line":28,"column":0},"end":{"line":28,"column":9}},"33":{"start":{"line":28,"column":9},"end":{"line":28,"column":61}},"34":{"start":{"line":29,"column":0},"end":{"line":29,"column":9}},"35":{"start":{"line":29,"column":9},"end":{"line":29,"column":57}},"36":{"start":{"line":32,"column":0},"end":{"line":32,"column":9}},"37":{"start":{"line":32,"column":9},"end":{"line":32,"column":49}},"38":{"start":{"line":33,"column":0},"end":{"line":33,"column":9}},"39":{"start":{"line":33,"column":9},"end":{"line":33,"column":47}}},"fnMap":{"0":{"name":"(anonymous_0)","decl":{"start":{"line":2,"column":9},"end":{"line":2,"column":19}},"loc":{"start":{"line":2,"column":9},"end":{"line":2,"column":48}}},"1":{"name":"(anonymous_1)","decl":{"start":{"line":5,"column":9},"end":{"line":5,"column":18}},"loc":{"start":{"line":5,"column":9},"end":{"line"
[...]
,"F:\\develop\\procurement-pl\\stubs\\routes\\reviews.js": {"path":"F:\\develop\\procurement-pl\\stubs\\routes\\reviews.js","statementMap":{"0":{"start":{"line":1,"column":16},"end":{"line":1,"column":34}},"1":{"start":{"line":2,"column":15},"end":{"line":2,"column":31}},"2":{"start":{"line":3,"column":24},"end":{"line":3,"column":53}},"3":{"start":{"line":6,"column":14},"end":{"line":6,"column":16}},"4":{"start":{"line":9,"column":16},"end":{"line":9,"column":18}},"5":{"start":{"line":12,"column":22},"end":{"line":14,"column":1}},"6":{"start":{"line":17,"column":0},"end":{"line":35,"column":3}},"7":{"start":{"line":18,"column":2},"end":{"line":34,"column":3}},"8":{"start":{"line":19,"column":26},"end":{"line":19,"column":36}},"9":{"start":{"line":21,"column":27},"end":{"line":23,"column":68}},"10":{"start":{"line":22,"column":19},"end":{"line":22,"column":44}},"11":{"start":{"line":23,"column":22},"end":{"line":23,"column":67}},"12":{"start":{"line":25,"column":4},"end":{"line":25,"column":95}},"13":{"start":{"line":27,"column":4},"end":{"line":27,"column":29}},"14":{"start":{"line":29,"column":4},"end":{"line":29,"column":53}},"15":{"start":{"line":30,"column":4},"end":{"line":33,"column":7}},"16":{"start":{"line":38,"column":0},"end":{"line":86,"column":3}},"17":{"start":{"line":39,"column":2},"end":{"line":85,"column":3}},"18":{"start":{"line":40,"column":43},"end":{"line":40,"column":51}},"19":{"start":{"line":42,"column":4},"end":{"line":46,"column":5}},"20":{"start":{"line":43,"column":6},"end":{"line":45,"column":9}},"21":{"start":{"line":48,"column":4},"end":{"line":52,"column":5}},"22":{"start":{"line":49,"column":6},"end":{"line":51,"column":9}},"23":{"start":{"line":54,"column":4},"end":{"line":58,"column":5}},"24":{"start":{"line":55,"column":6},"end":{"line":57,"column":9}},"25":{"start":{"line":61,"column":22},"end":{"line":72,"column":5}},"26":{"start":{"line":74,"column":4},"end":{"line":74,"column":28}},"27":{"start":{"line":76,"column":4},"end":{"line":76,"column":64}},"28":{"start":{"line":78,"column":4},"end":{"line":78,"column":36}},"29":{"start":{"line":80,"column":4},"end":{"line":80,"column":53}},"30":{"start":{"line":81,"column":4},"end":{"line":84,"column":7}},"31":{"start":{"line":88,"column":0},"end":{"line":88,"column":24}}},"fnMap":{"0":{"name":"(anonymous_0)","decl":{"start":{"line":12,"column":22},"end":{"line":12,"column":23}},"loc":{"start":{"line":12,"column":28},"end":{"line":14,"column":1}},"line":12},"1":{"name":"(anonymous_1)","decl":{"start":{"line":17,"column":47},"end":{"line":17,"column":48}},"loc":{"start":{"line":17,"column":67},"end":{"line":35,"column":1}},"line":17},"2":{"name":"(anonymous_2)","decl":{"start":{"line":22,"column":14},"end":{"line":22,"column":15}},"loc":{"start":{"line":22,"column":19},"end":{"line":22,"column":44}},"line":22},"3":{"name":"(anonymous_3)","decl":{"start":{"line":23,"column":12},"end":{"line":23,"column":13}},"loc":{"start":{"line":23,"column":22},"end":{"line":23,"column":67}},"line":23},"4":{"name":"(anonymous_4)","decl":{"start":{"line":38,"column":30},"end":{"line":38,"column":31}},"loc":{"start":{"line":38,"column":50},"end":{"line":86,"column":1}},"line":38}},"branchMap":{"0":{"loc":{"start":{"line":42,"column":4},"end":{"line":46,"column":5}},"type":"if","locations":[{"start":{"line":42,"column":4},"end":{"line":46,"column":5}},{"start":{},"end":{}}],"line":42},"1":{"loc":{"start":{"line":42,"column":8},"end":{"line":42,"column":41}},"type":"binary-expr","locations":[{"start":{"line":42,"column":8},"end":{"line":42,"column":18}},{"start":{"line":42,"column":22},"end":{"line":42,"column":29}},{"start":{"line":42,"column":33},"end":{"line":42,"column":41}}],"line":42},"2":{"loc":{"start":{"line":48,"column":4},"end":{"line":52,"column":5}},"type":"if","locations":[{"start":{"line":48,"column":4},"end":{"line":52,"column":5}},{"start":{},"end":{}}],"line":48},"3":{"loc":{"start":{"line":48,"column":8},"end":{"line":48,"column":32}},"type":"binary-expr","locations":[{"start":{"line":48,"column":8},"end":{"line":48,"column":18}},{"start":{"line":48,"column":22},"end":{"line":48,"column":32}}],"line":48},"4":{"loc":{"start":{"line":54,"column":4},"end":{"line":58,"column":5}},"type":"if","locations":[{"start":{"line":54,"column":4},"end":{"line":58,"column":5}},{"start":{},"end":{}}],"line":54},"5":{"loc":{"start":{"line":54,"column":8},"end":{"line":54,"column":52}},"type":"binary-expr","locations":[{"start":{"line":54,"column":8},"end":{"line":54,"column":27}},{"start":{"line":54,"column":31},"end":{"line":54,"column":52}}],"line":54},"6":{"loc":{"start":{"line":66,"column":21},"end":{"line":66,"column":54}},"type":"binary-expr","locations":[{"start":{"line":66,"column":21},"end":{"line":66,"column":41}},{"start":{"line":66,"column":45},"end":{"line":66,"column":54}}],"line":66}},"s":{"0":0,"1":0,"2":0,"3":0,"4":0,"5":0,"6":0,"7":0,"8":0,"9":0,"10":0,"11":0,"12":0,"13":0,"14":0,"15":0,"16":0,"17":0,"18":0,"19":0,"20":0,"21":0,"22":0,"23":0,"24":0,"25":0,"26":0,"27":0,"28":0,"29":0,"30":0,"31":0},"f":{"0":0,"1":0,"2":0,"3":0,"4":0},"b":{"0":[0,0],"1":[0,0,0],"2":[0,0],"3":[0,0],"4":[0,0],"5":[0,0],"6":[0,0]},"inputSourceMap":null}
,"F:\\develop\\procurement-pl\\stubs\\routes\\search.js": {"path":"F:\\develop\\procurement-pl\\stubs\\routes\\search.js","statementMap":{"0":{"start":{"line":1,"column":16},"end":{"line":1,"column":34}},"1":{"start":{"line":2,"column":15},"end":{"line":2,"column":31}},"2":{"start":{"line":3,"column":24},"end":{"line":3,"column":53}},"3":{"start":{"line":4,"column":16},"end":{"line":4,"column":44}},"4":{"start":{"line":7,"column":0},"end":{"line":41,"column":3}},"5":{"start":{"line":8,"column":2},"end":{"line":40,"column":3}},"6":{"start":{"line":10,"column":17},"end":{"line":10,"column":42}},"7":{"start":{"line":11,"column":17},"end":{"line":11,"column":48}},"8":{"start":{"line":13,"column":17},"end":{"line":13,"column":19}},"9":{"start":{"line":14,"column":4},"end":{"line":16,"column":5}},"10":{"start":{"line":15,"column":6},"end":{"line":15,"column":43}},"11":{"start":{"line":18,"column":22},"end":{"line":20,"column":15}},"12":{"start":{"line":22,"column":28},"end":{"line":29,"column":7}},"13":{"start":{"line":22,"column":54},"end":{"line":29,"column":5}},"14":{"start":{"line":31,"column":4},"end":{"line":31,"column":78}},"15":{"start":{"line":33,"column":4},"end":{"line":33,"column":30}},"16":{"start":{"line":35,"column":4},"end":{"line":35,"column":68}},"17":{"start":{"line":36,"column":4},"end":{"line":39,"column":7}},"18":{"start":{"line":44,"column":0},"end":{"line":141,"column":3}},"19":{"start":{"line":45,"column":2},"end":{"line":140,"column":3}},"20":{"start":{"line":55,"column":8},"end":{"line":55,"column":17}},"21":{"start":{"line":58,"column":17},"end":{"line":58,"column":42}},"22":{"start":{"line":59,"column":17},"end":{"line":59,"column":48}},"23":{"start":{"line":62,"column":18},"end":{"line":62,"column":20}},"24":{"start":{"line":64,"column":4},"end":{"line":66,"column":5}},"25":{"start":{"line":65,"column":6},"end":{"line":65,"column":53}},"26":{"start":{"line":69,"column":4},"end":{"line":79,"column":5}},"27":{"start":{"line":70,"column":16},"end":{"line":70,"column":35}},"28":{"start":{"line":71,"column":6},"end":{"line":78,"column":9}},"29":{"start":{"line":82,"column":4},"end":{"line":87,"column":5}},"30":{"start":{"line":83,"column":21},"end":{"line":83,"column":42}},"31":{"start":{"line":84,"column":6},"end":{"line":86,"column":7}},"32":{"start":{"line":85,"column":8},"end":{"line":85,"column":51}},"33":{"start":{"line":90,"column":4},"end":{"line":92,"column":5}},"34":{"start":{"line":91,"column":6},"end":{"line":91,"column":39}},"35":{"start":{"line":95,"column":4},"end":{"line":97,"column":5}},"36":{"start":{"line":96,"column":6},"end":{"line":96,"column":39}},"37":{"start":{"line":100,"column":17},"end":{"line":100,"column":60}},"38":{"start":{"line":103,"column":20},"end":{"line":103,"column":39}},"39":{"start":{"line":104,"column":21},"end":{"line":104,"column":42}},"40":{"start":{"line":105,"column":17},"end":{"line":105,"column":41}},"41":{"start":{"line":108,"column":22},"end":{"line":108,"column":24}},"42":{"start":{"line":109,"column":4},"end":{"line":113,"column":5}},"43":{"start":{"line":110,"column":6},"end":{"line":110,"column":58}},"44":{"start":{"line":112,"column":6},"end":{"line":112,"column":56}},"45":{"start":{"line":115,"column":18},"end":{"line":115,"column":54}},"46":{"start":{"line":116,"column":22},"end":{"line":119,"column":22}},"47":{"start":{"line":121,"column":29},"end":{"line":124,"column":7}},"48":{"start":{"line":121,"column":49},"end":{"line":124,"column":5}},"49":{"start":{"line":126,"column":4},"end":{"line":126,"column":75}},"50":{"start":{"line":128,"column":4},"end":{"line":133,"column":7}},"51":{"start":{"line":135,"column":4},"end":{"line":135,"column":52}},"52":{"start":{"line":136,"column":4},"end":{"line":139,"column":7}},"53":{"start":{"line":143,"column":0},"end":{"line":143,"column":24}}},"fnMap":{"0":{"name":"(anonymous_0)","decl":{"start":{"line":7,"column":44},"end":{"line":7,"column":45}},"loc":{"start":{"line":7,"column":64},"end":{"line":41,"column":1}},"line":7},"1":{"name":"(anonymous_1)","decl":{"start":{"line":22,"column":42},"end":{"line":22,"column":43}},"loc":{"start":{"line":22,"column":54},"end":{"line":29,"column":5}},"line":22},"2":{"name":"(anonymous_2)","decl":{"start":{"line":44,"column":29},"end":{"line":44,"column":30}},"loc":{"start":{"line":44,"column":49},"end":{"line":141,"column":1}},"line":44},"3":{"name":"(anonymous_3)","decl":{"start":{"line":121,"column":43},"end":{"line":121,"column":44}},"loc":{"start":{"line":121,"column":49},"end":{"line":124,"column":5}},"line":121}},"branchMap":{"0":{"loc":{"start":{"line":14,"column":4},"end":{"line":16,"column":5}},"type":"if","locations":[{"start":{"line":14,"column":4},"end":{"line":16,"column":5}},{"start":{},"end":{}}],"line":14},"1":{"loc":{"start":{"line":14,"column":8},"end":{"line":14,"column":30}},"type":"binary-expr","locations":[{"start":{"line":14,"column":8},"end":{"line":14,"column":12}},{"start":{"line":14,"column":16},"end":{"line":14,"column":30}}],"line":14},"2":{"loc":{"start":{"line":24,"column":12},"end":{"line":24,"column":49}},"type":"binary-expr","locations":[{"start":{"line":24,"column":12},"end":{"line":24,"column":28}},{"start":{"line":24,"column":32},"end":{"line":24,"column":49}}],"line":24},"3":{"loc":{"start":{"line":47,"column":6},"end":{"line":47,"column":16}},"type":"default-arg","locations":[{"start":{"line":47,"column":14},"end":{"line":47,"column":16}}],"line":47},"4":{"loc":{"start":{"line":48,"column":6},"end":{"line":48,"column":14}},"type":"default-arg","locations":[{"start":{"line":48,"column":13},"end":{"line":48,"column":14}}],"line":48},"5":{"loc":{"start":{"line":49,"column":6},"end":{"line":49,"column":16}},"type":"default-arg","locations":[{"start":{"line":49,"column":14},"end":{"line":49,"column":16}}],"line":49},"6":{"loc":{"start":{"line":50,"column":6},"end":{"line":50,"column":19}},"type":"default-arg","locations":[{"start":{"line":50,"column":18},"end":{"line":50,"column":19}}],"line":50},"7":{"loc":{"start":{"line":53,"column":6},"end":{"line":53,"column":26}},"type":"default-arg","locations":[{"start":{"line":53,"column":15},"end":{"line":53,"column":26}}],"line":53},"8":{"loc":{"start":{"line":54,"column":6},"end":{"line":54,"column":24}},"type":"default-arg","locations":[{"start":{"line":54,"column":18},"end":{"line":54,"column":24}}],"line":54},"9":{"loc":{"start":{"line":64,"column":4},"end":{"line":66,"column":5}},"type":"if","locations":[{"start":{"line":64,"column":4},"end":{"line":66,"column":5}},{"start":{},"end":{}}],"line":64},"10":{"loc":{"start":{"line":64,"column":8},"end":{"line":64,"column":30}},"type":"binary-expr","locations":[{"start":{"line":64,"column":8},"end":{"line":64,"column":12}},{"start":{"line":64,"column":16},"end":{"line":64,"column":30}}],"line":64},"11":{"loc":{"start":{"line":69,"column":4},"end":{"line":79,"column":5}},"type":"if","locations":[{"start":{"line":69,"column":4},"end":{"line":79,"column":5}},{"start":{},"end":{}}],"line":69},"12":{"loc":{"start":{"line":69,"column":8},"end":{"line":69,"column":29}},"type":"binary-expr","locations":[{"start":{"line":69,"column":8},"end":{"line":69,"column":13}},{"start":{"line":69,"column":17},"end":{"line":69,"column":29}}],"line":69},"13":{"loc":{"start":{"line":82,"column":4},"end":{"line":87,"column":5}},"type":"if","locations":[{"start":{"line":82,"column":4},"end":{"line":87,"column":5}},{"start":{},"end":{}}],"line":82},"14":{"loc":{"start":{"line":84,"column":6},"end":{"line":86,"column":7}},"type":"if","locations":[{"start":{"line":84,"column":6},"end":{"line":86,"column":7}},{"start":{},"end":{}}],"line":84},"15":{"loc":{"start":{"line":90,"column":4},"end":{"line":92,"column":5}},"type":"if","locations":[{"start":{"line":90,"column":4},"end":{"line":92,"column":5}},{"start":{},"end":{}}],"line":90},"16":{"loc":{"start":{"line":95,"column":4},"end":{"line":97,"column":5}},"type":"if","locations":[{"start":{"line":95,"column":4},"end":{"line":97,"column":5}},{"start":{},"end":{}}],"line":95},"17":{"loc":{"start":{"line":100,"column":17},"end":{"line":100,"column":60}},"type":"cond-expr","locations":[{"start":{"line":100,"column":38},"end":{"line":100,"column":55}},{"start":{"line":100,"column":58},"end":{"line":100,"column":60}}],"line":100},"18":{"loc":{"start":{"line":103,"column":20},"end":{"line":103,"column":39}},"type":"binary-expr","locations":[{"start":{"line":103,"column":20},"end":{"line":103,"column":34}},{"start":{"line":103,"column":38},"end":{"line":103,"column":39}}],"line":103},"19":{"loc":{"start":{"line":104,"column":21},"end":{"line":104,"column":42}},"type":"binary-expr","locations":[{"start":{"line":104,"column":21},"end":{"line":104,"column":36}},{"start":{"line":104,"column":40},"end":{"line":104,"column":42}}],"line":104},"20":{"loc":{"start":{"line":109,"column":4},"end":{"line":113,"column":5}},"type":"if","locations":[{"start":{"line":109,"column":4},"end":{"line":113,"column":5}},{"start":{"line":111,"column":11},"end":{"line":113,"column":5}}],"line":109},"21":{"loc":{"start":{"line":110,"column":29},"end":{"line":110,"column":57}},"type":"cond-expr","locations":[{"start":{"line":110,"column":51},"end":{"line":110,"column":52}},{"start":{"line":110,"column":55},"end":{"line":110,"column":57}}],"line":110},"22":{"loc":{"start":{"line":112,"column":27},"end":{"line":112,"column":55}},"type":"cond-expr","locations":[{"start":{"line":112,"column":49},"end":{"line":112,"column":50}},{"start":{"line":112,"column":53},"end":{"line":112,"column":55}}],"line":112}},"s":{"0":0,"1":0,"2":0,"3":0,"4":0,"5":0,"6":0,"7":0,"8":0,"9":0,"10":0,"11":0,"12":0,"13":0,"14":0,"15":0,"16":0,"17":0,"18":0,"19":0,"20":0,"21":0,"22":0,"23":0,"24":0,"25":0,"26":0,"27":0,"28":0,"29":0,"30":0,"31":0,"32":0,"33":0,"34":0,"35":0,"36":0,"37":0,"38":0,"39":0,"40":0,"41":0,"42":0,"43":0,"44":0,"45":0,"46":0,"47":0,"48":0,"49":0,"50":0,"51":0,"52":0,"53":0},"f":{"0":0,"1":0,"2":0,"3":0},"b":{"0":[0,0],"1":[0,0],"2":[0,0],"3":[0],"4":[0],"5":[0],"6":[0],"7":[0],"8":[0],"9":[0,0],"10":[0,0],"11":[0,0],"12":[0,0],"13":[0,0],"14":[0,0],"15":[0,0],"16":[0,0],"17":[0,0],"18":[0,0],"19":[0,0],"20":[0,0],"21":[0,0],"22":[0,0]},"inputSourceMap":null}
,"F:\\develop\\procurement-pl\\stubs\\scripts\\recreate-test-user.js": {"path":"F:\\develop\\procurement-pl\\stubs\\scripts\\recreate-test-user.js","statementMap":{"0":{"start":{"line":1,"column":17},"end":{"line":1,"column":36}},"1":{"start":{"line":2,"column":13},"end":{"line":2,"column":28}},"2":{"start":{"line":3,"column":0},"end":{"line":3,"column":27}},"3":{"start":{"line":6,"column":13},"end":{"line":6,"column":66}},"4":{"start":{"line":7,"column":16},"end":{"line":7,"column":72}},"5":{"start":{"line":9,"column":25},"end":{"line":87,"column":1}},"6":{"start":{"line":10,"column":2},"end":{"line":86,"column":3}},"7":{"start":{"line":11,"column":21},"end":{"line":11,"column":90}},"8":{"start":{"line":13,"column":4},"end":{"line":13,"column":49}},"9":{"start":{"line":14,"column":4},"end":{"line":17,"column":7}},"10":{"start":{"line":18,"column":4},"end":{"line":18,"column":44}},"11":{"start":{"line":21,"column":4},"end":{"line":21,"column":67}},"12":{"start":{"line":22,"column":20},"end":{"line":22,"column":74}},"13":{"start":{"line":23,"column":4},"end":{"line":33,"column":5}},"14":{"start":{"line":25,"column":6},"end":{"line":28,"column":7}},"15":{"start":{"line":26,"column":8},"end":{"line":26,"column":59}},"16":{"start":{"line":27,"column":8},"end":{"line":27,"column":52}},"17":{"start":{"line":29,"column":6},"end":{"line":29,"column":48}},"18":{"start":{"line":30,"column":6},"end":{"line":30,"column":53}},"19":{"start":{"line":32,"column":6},"end":{"line":32,"column":58}},"20":{"start":{"line":36,"column":4},"end":{"line":36,"column":54}},"21":{"start":{"line":37,"column":20},"end":{"line":50,"column":6}},"22":{"start":{"line":51,"column":4},"end":{"line":51,"column":60}},"23":{"start":{"line":54,"column":4},"end":{"line":54,"column":59}},"24":{"start":{"line":55,"column":17},"end":{"line":63,"column":6}},"25":{"start":{"line":64,"column":4},"end":{"line":64,"column":76}},"26":{"start":{"line":67,"column":4},"end":{"line":67,"column":40}},"27":{"start":{"line":68,"column":4},"end":{"line":68,"column":41}},"28":{"start":{"line":69,"column":4},"end":{"line":69,"column":43}},"29":{"start":{"line":70,"column":4},"end":{"line":70,"column":46}},"30":{"start":{"line":71,"column":4},"end":{"line":71,"column":50}},"31":{"start":{"line":72,"column":4},"end":{"line":72,"column":48}},"32":{"start":{"line":74,"column":4},"end":{"line":74,"column":90}},"33":{"start":{"line":75,"column":4},"end":{"line":75,"column":42}},"34":{"start":{"line":76,"column":4},"end":{"line":76,"column":52}},"35":{"start":{"line":77,"column":4},"end":{"line":77,"column":45}},"36":{"start":{"line":78,"column":4},"end":{"line":78,"column":20}},"37":{"start":{"line":80,"column":4},"end":{"line":80,"column":38}},"38":{"start":{"line":81,"column":4},"end":{"line":81,"column":20}},"39":{"start":{"line":83,"column":4},"end":{"line":83,"column":48}},"40":{"start":{"line":84,"column":4},"end":{"line":84,"column":25}},"41":{"start":{"line":85,"column":4},"end":{"line":85,"column":20}},"42":{"start":{"line":90,"column":0},"end":{"line":90,"column":19}}},"fnMap":{"0":{"name":"(anonymous_0)","decl":{"start":{"line":9,"column":25},"end":{"line":9,"column":26}},"loc":{"start":{"line":9,"column":37},"end":{"line":87,"column":1}},"line":9}},"branchMap":{"0":{"loc":{"start":{"line":11,"column":21},"end":{"line":11,"column":90}},"type":"binary-expr","locations":[{"start":{"line":11,"column":21},"end":{"line":11,"column":44}},{"start":{"line":11,"column":48},"end":{"line":11,"column":90}}],"line":11},"1":{"loc":{"start":{"line":23,"column":4},"end":{"line":33,"column":5}},"type":"if","locations":[{"start":{"line":23,"column":4},"end":{"line":33,"column":5}},{"start":{"line":31,"column":11},"end":{"line":33,"column":5}}],"line":23},"2":{"loc":{"start":{"line":25,"column":6},"end":{"line":28,"column":7}},"type":"if","locations":[{"start":{"line":25,"column":6},"end":{"line":28,"column":7}},{"start":{},"end":{}}],"line":25}},"s":{"0":0,"1":0,"2":0,"3":0,"4":0,"5":0,"6":0,"7":0,"8":0,"9":0,"10":0,"11":0,"12":0,"13":0,"14":0,"15":0,"16":0,"17":0,"18":0,"19":0,"20":0,"21":0,"22":0,"23":0,"24":0,"25":0,"26":0,"27":0,"28":0,"29":0,"30":0,"31":0,"32":0,"33":0,"34":0,"35":0,"36":0,"37":0,"38":0,"39":0,"40":0,"41":0,"42":0},"f":{"0":0},"b":{"0":[0,0],"1":[0,0],"2":[0,0]},"inputSourceMap":null}
}
